<?xml version="1.0" encoding="UTF-8"?>
<testsuite xmlns:xsi="http://www.w3.org/2001/XMLSchema-instance" xsi:noNamespaceSchemaLocation="https://maven.apache.org/surefire/maven-surefire-plugin/xsd/surefire-test-report-3.0.xsd" version="3.0" name="com.appfellas.flightApi.FlightApiApplicationTests" time="4.343" tests="1" errors="0" skipped="0" failures="0">
  <properties>
    <property name="java.specification.version" value="17"/>
    <property name="sun.jnu.encoding" value="UTF-8"/>
    <property name="java.class.path" value="/home/ahmetyalcinkaya/projects/JavaProjects/AppFellasFlightApi/target/test-classes:/home/ahmetyalcinkaya/projects/JavaProjects/AppFellasFlightApi/target/classes:/home/ahmetyalcinkaya/.m2/repository/org/springframework/boot/spring-boot-starter-data-mongodb/3.3.3/spring-boot-starter-data-mongodb-3.3.3.jar:/home/ahmetyalcinkaya/.m2/repository/org/springframework/boot/spring-boot-starter/3.3.3/spring-boot-starter-3.3.3.jar:/home/ahmetyalcinkaya/.m2/repository/org/springframework/boot/spring-boot/3.3.3/spring-boot-3.3.3.jar:/home/ahmetyalcinkaya/.m2/repository/org/springframework/boot/spring-boot-autoconfigure/3.3.3/spring-boot-autoconfigure-3.3.3.jar:/home/ahmetyalcinkaya/.m2/repository/org/springframework/boot/spring-boot-starter-logging/3.3.3/spring-boot-starter-logging-3.3.3.jar:/home/ahmetyalcinkaya/.m2/repository/ch/qos/logback/logback-classic/1.5.7/logback-classic-1.5.7.jar:/home/ahmetyalcinkaya/.m2/repository/ch/qos/logback/logback-core/1.5.7/logback-core-1.5.7.jar:/home/ahmetyalcinkaya/.m2/repository/org/apache/logging/log4j/log4j-to-slf4j/2.23.1/log4j-to-slf4j-2.23.1.jar:/home/ahmetyalcinkaya/.m2/repository/org/apache/logging/log4j/log4j-api/2.23.1/log4j-api-2.23.1.jar:/home/ahmetyalcinkaya/.m2/repository/org/slf4j/jul-to-slf4j/2.0.16/jul-to-slf4j-2.0.16.jar:/home/ahmetyalcinkaya/.m2/repository/jakarta/annotation/jakarta.annotation-api/2.1.1/jakarta.annotation-api-2.1.1.jar:/home/ahmetyalcinkaya/.m2/repository/org/yaml/snakeyaml/2.2/snakeyaml-2.2.jar:/home/ahmetyalcinkaya/.m2/repository/org/mongodb/mongodb-driver-sync/5.0.1/mongodb-driver-sync-5.0.1.jar:/home/ahmetyalcinkaya/.m2/repository/org/mongodb/bson/5.0.1/bson-5.0.1.jar:/home/ahmetyalcinkaya/.m2/repository/org/mongodb/mongodb-driver-core/5.0.1/mongodb-driver-core-5.0.1.jar:/home/ahmetyalcinkaya/.m2/repository/org/mongodb/bson-record-codec/5.0.1/bson-record-codec-5.0.1.jar:/home/ahmetyalcinkaya/.m2/repository/org/springframework/data/spring-data-mongodb/4.3.3/spring-data-mongodb-4.3.3.jar:/home/ahmetyalcinkaya/.m2/repository/org/springframework/spring-tx/6.1.12/spring-tx-6.1.12.jar:/home/ahmetyalcinkaya/.m2/repository/org/springframework/spring-context/6.1.12/spring-context-6.1.12.jar:/home/ahmetyalcinkaya/.m2/repository/org/springframework/spring-beans/6.1.12/spring-beans-6.1.12.jar:/home/ahmetyalcinkaya/.m2/repository/org/springframework/spring-expression/6.1.12/spring-expression-6.1.12.jar:/home/ahmetyalcinkaya/.m2/repository/org/springframework/data/spring-data-commons/3.3.3/spring-data-commons-3.3.3.jar:/home/ahmetyalcinkaya/.m2/repository/org/slf4j/slf4j-api/2.0.16/slf4j-api-2.0.16.jar:/home/ahmetyalcinkaya/.m2/repository/org/springframework/boot/spring-boot-starter-web/3.3.3/spring-boot-starter-web-3.3.3.jar:/home/ahmetyalcinkaya/.m2/repository/org/springframework/boot/spring-boot-starter-json/3.3.3/spring-boot-starter-json-3.3.3.jar:/home/ahmetyalcinkaya/.m2/repository/com/fasterxml/jackson/datatype/jackson-datatype-jdk8/2.17.2/jackson-datatype-jdk8-2.17.2.jar:/home/ahmetyalcinkaya/.m2/repository/com/fasterxml/jackson/datatype/jackson-datatype-jsr310/2.17.2/jackson-datatype-jsr310-2.17.2.jar:/home/ahmetyalcinkaya/.m2/repository/com/fasterxml/jackson/module/jackson-module-parameter-names/2.17.2/jackson-module-parameter-names-2.17.2.jar:/home/ahmetyalcinkaya/.m2/repository/org/springframework/boot/spring-boot-starter-tomcat/3.3.3/spring-boot-starter-tomcat-3.3.3.jar:/home/ahmetyalcinkaya/.m2/repository/org/apache/tomcat/embed/tomcat-embed-core/10.1.28/tomcat-embed-core-10.1.28.jar:/home/ahmetyalcinkaya/.m2/repository/org/apache/tomcat/embed/tomcat-embed-websocket/10.1.28/tomcat-embed-websocket-10.1.28.jar:/home/ahmetyalcinkaya/.m2/repository/org/springframework/spring-web/6.1.12/spring-web-6.1.12.jar:/home/ahmetyalcinkaya/.m2/repository/io/micrometer/micrometer-observation/1.13.3/micrometer-observation-1.13.3.jar:/home/ahmetyalcinkaya/.m2/repository/io/micrometer/micrometer-commons/1.13.3/micrometer-commons-1.13.3.jar:/home/ahmetyalcinkaya/.m2/repository/org/springframework/spring-webmvc/6.1.12/spring-webmvc-6.1.12.jar:/home/ahmetyalcinkaya/.m2/repository/org/springframework/boot/spring-boot-starter-validation/3.3.3/spring-boot-starter-validation-3.3.3.jar:/home/ahmetyalcinkaya/.m2/repository/org/apache/tomcat/embed/tomcat-embed-el/10.1.28/tomcat-embed-el-10.1.28.jar:/home/ahmetyalcinkaya/.m2/repository/org/hibernate/validator/hibernate-validator/8.0.1.Final/hibernate-validator-8.0.1.Final.jar:/home/ahmetyalcinkaya/.m2/repository/jakarta/validation/jakarta.validation-api/3.0.2/jakarta.validation-api-3.0.2.jar:/home/ahmetyalcinkaya/.m2/repository/org/jboss/logging/jboss-logging/3.5.3.Final/jboss-logging-3.5.3.Final.jar:/home/ahmetyalcinkaya/.m2/repository/com/fasterxml/classmate/1.7.0/classmate-1.7.0.jar:/home/ahmetyalcinkaya/.m2/repository/org/springframework/boot/spring-boot-starter-security/3.3.3/spring-boot-starter-security-3.3.3.jar:/home/ahmetyalcinkaya/.m2/repository/org/springframework/spring-aop/6.1.12/spring-aop-6.1.12.jar:/home/ahmetyalcinkaya/.m2/repository/org/springframework/security/spring-security-config/6.3.3/spring-security-config-6.3.3.jar:/home/ahmetyalcinkaya/.m2/repository/org/springframework/security/spring-security-web/6.3.3/spring-security-web-6.3.3.jar:/home/ahmetyalcinkaya/.m2/repository/io/jsonwebtoken/jjwt/0.9.1/jjwt-0.9.1.jar:/home/ahmetyalcinkaya/.m2/repository/com/fasterxml/jackson/core/jackson-databind/2.17.2/jackson-databind-2.17.2.jar:/home/ahmetyalcinkaya/.m2/repository/com/fasterxml/jackson/core/jackson-annotations/2.17.2/jackson-annotations-2.17.2.jar:/home/ahmetyalcinkaya/.m2/repository/com/fasterxml/jackson/core/jackson-core/2.17.2/jackson-core-2.17.2.jar:/home/ahmetyalcinkaya/.m2/repository/org/apache/commons/commons-lang3/3.14.0/commons-lang3-3.14.0.jar:/home/ahmetyalcinkaya/.m2/repository/javax/xml/bind/jaxb-api/2.3.1/jaxb-api-2.3.1.jar:/home/ahmetyalcinkaya/.m2/repository/javax/activation/javax.activation-api/1.2.0/javax.activation-api-1.2.0.jar:/home/ahmetyalcinkaya/.m2/repository/com/sun/xml/bind/jaxb-core/2.3.0/jaxb-core-2.3.0.jar:/home/ahmetyalcinkaya/.m2/repository/com/sun/xml/bind/jaxb-impl/2.3.0/jaxb-impl-2.3.0.jar:/home/ahmetyalcinkaya/.m2/repository/org/springdoc/springdoc-openapi-starter-webmvc-ui/2.1.0/springdoc-openapi-starter-webmvc-ui-2.1.0.jar:/home/ahmetyalcinkaya/.m2/repository/org/springdoc/springdoc-openapi-starter-webmvc-api/2.1.0/springdoc-openapi-starter-webmvc-api-2.1.0.jar:/home/ahmetyalcinkaya/.m2/repository/org/springdoc/springdoc-openapi-starter-common/2.1.0/springdoc-openapi-starter-common-2.1.0.jar:/home/ahmetyalcinkaya/.m2/repository/io/swagger/core/v3/swagger-core-jakarta/2.2.9/swagger-core-jakarta-2.2.9.jar:/home/ahmetyalcinkaya/.m2/repository/io/swagger/core/v3/swagger-annotations-jakarta/2.2.9/swagger-annotations-jakarta-2.2.9.jar:/home/ahmetyalcinkaya/.m2/repository/io/swagger/core/v3/swagger-models-jakarta/2.2.9/swagger-models-jakarta-2.2.9.jar:/home/ahmetyalcinkaya/.m2/repository/com/fasterxml/jackson/dataformat/jackson-dataformat-yaml/2.17.2/jackson-dataformat-yaml-2.17.2.jar:/home/ahmetyalcinkaya/.m2/repository/org/webjars/swagger-ui/4.18.2/swagger-ui-4.18.2.jar:/home/ahmetyalcinkaya/.m2/repository/org/springframework/boot/spring-boot-starter-test/3.3.3/spring-boot-starter-test-3.3.3.jar:/home/ahmetyalcinkaya/.m2/repository/org/springframework/boot/spring-boot-test/3.3.3/spring-boot-test-3.3.3.jar:/home/ahmetyalcinkaya/.m2/repository/org/springframework/boot/spring-boot-test-autoconfigure/3.3.3/spring-boot-test-autoconfigure-3.3.3.jar:/home/ahmetyalcinkaya/.m2/repository/com/jayway/jsonpath/json-path/2.9.0/json-path-2.9.0.jar:/home/ahmetyalcinkaya/.m2/repository/jakarta/xml/bind/jakarta.xml.bind-api/4.0.2/jakarta.xml.bind-api-4.0.2.jar:/home/ahmetyalcinkaya/.m2/repository/jakarta/activation/jakarta.activation-api/2.1.3/jakarta.activation-api-2.1.3.jar:/home/ahmetyalcinkaya/.m2/repository/net/minidev/json-smart/2.5.1/json-smart-2.5.1.jar:/home/ahmetyalcinkaya/.m2/repository/net/minidev/accessors-smart/2.5.1/accessors-smart-2.5.1.jar:/home/ahmetyalcinkaya/.m2/repository/org/ow2/asm/asm/9.6/asm-9.6.jar:/home/ahmetyalcinkaya/.m2/repository/org/assertj/assertj-core/3.25.3/assertj-core-3.25.3.jar:/home/ahmetyalcinkaya/.m2/repository/net/bytebuddy/byte-buddy/1.14.19/byte-buddy-1.14.19.jar:/home/ahmetyalcinkaya/.m2/repository/org/awaitility/awaitility/4.2.2/awaitility-4.2.2.jar:/home/ahmetyalcinkaya/.m2/repository/org/hamcrest/hamcrest/2.2/hamcrest-2.2.jar:/home/ahmetyalcinkaya/.m2/repository/org/junit/jupiter/junit-jupiter/5.10.3/junit-jupiter-5.10.3.jar:/home/ahmetyalcinkaya/.m2/repository/org/junit/jupiter/junit-jupiter-api/5.10.3/junit-jupiter-api-5.10.3.jar:/home/ahmetyalcinkaya/.m2/repository/org/opentest4j/opentest4j/1.3.0/opentest4j-1.3.0.jar:/home/ahmetyalcinkaya/.m2/repository/org/junit/platform/junit-platform-commons/1.10.3/junit-platform-commons-1.10.3.jar:/home/ahmetyalcinkaya/.m2/repository/org/apiguardian/apiguardian-api/1.1.2/apiguardian-api-1.1.2.jar:/home/ahmetyalcinkaya/.m2/repository/org/junit/jupiter/junit-jupiter-params/5.10.3/junit-jupiter-params-5.10.3.jar:/home/ahmetyalcinkaya/.m2/repository/org/junit/jupiter/junit-jupiter-engine/5.10.3/junit-jupiter-engine-5.10.3.jar:/home/ahmetyalcinkaya/.m2/repository/org/junit/platform/junit-platform-engine/1.10.3/junit-platform-engine-1.10.3.jar:/home/ahmetyalcinkaya/.m2/repository/org/mockito/mockito-core/5.11.0/mockito-core-5.11.0.jar:/home/ahmetyalcinkaya/.m2/repository/net/bytebuddy/byte-buddy-agent/1.14.19/byte-buddy-agent-1.14.19.jar:/home/ahmetyalcinkaya/.m2/repository/org/objenesis/objenesis/3.3/objenesis-3.3.jar:/home/ahmetyalcinkaya/.m2/repository/org/mockito/mockito-junit-jupiter/5.11.0/mockito-junit-jupiter-5.11.0.jar:/home/ahmetyalcinkaya/.m2/repository/org/skyscreamer/jsonassert/1.5.3/jsonassert-1.5.3.jar:/home/ahmetyalcinkaya/.m2/repository/com/vaadin/external/google/android-json/0.0.20131108.vaadin1/android-json-0.0.20131108.vaadin1.jar:/home/ahmetyalcinkaya/.m2/repository/org/springframework/spring-core/6.1.12/spring-core-6.1.12.jar:/home/ahmetyalcinkaya/.m2/repository/org/springframework/spring-jcl/6.1.12/spring-jcl-6.1.12.jar:/home/ahmetyalcinkaya/.m2/repository/org/springframework/spring-test/6.1.12/spring-test-6.1.12.jar:/home/ahmetyalcinkaya/.m2/repository/org/xmlunit/xmlunit-core/2.9.1/xmlunit-core-2.9.1.jar:/home/ahmetyalcinkaya/.m2/repository/org/springframework/security/spring-security-test/6.3.3/spring-security-test-6.3.3.jar:/home/ahmetyalcinkaya/.m2/repository/org/springframework/security/spring-security-core/6.3.3/spring-security-core-6.3.3.jar:/home/ahmetyalcinkaya/.m2/repository/org/springframework/security/spring-security-crypto/6.3.3/spring-security-crypto-6.3.3.jar:"/>
    <property name="java.vm.vendor" value="Ubuntu"/>
    <property name="sun.arch.data.model" value="64"/>
    <property name="java.vendor.url" value="https://ubuntu.com/"/>
    <property name="user.timezone" value="Europe/Istanbul"/>
    <property name="org.jboss.logging.provider" value="slf4j"/>
    <property name="os.name" value="Linux"/>
    <property name="java.vm.specification.version" value="17"/>
    <property name="sun.java.launcher" value="SUN_STANDARD"/>
    <property name="user.country" value="US"/>
    <property name="sun.boot.library.path" value="/usr/lib/jvm/java-17-openjdk-amd64/lib"/>
    <property name="sun.java.command" value="/home/ahmetyalcinkaya/projects/JavaProjects/AppFellasFlightApi/target/surefire/surefirebooter-20240924141844551_3.jar /home/ahmetyalcinkaya/projects/JavaProjects/AppFellasFlightApi/target/surefire 2024-09-24T14-18-44_472-jvmRun1 surefire-20240924141844551_1tmp surefire_0-20240924141844551_2tmp"/>
    <property name="jdk.debug" value="release"/>
    <property name="surefire.test.class.path" value="/home/ahmetyalcinkaya/projects/JavaProjects/AppFellasFlightApi/target/test-classes:/home/ahmetyalcinkaya/projects/JavaProjects/AppFellasFlightApi/target/classes:/home/ahmetyalcinkaya/.m2/repository/org/springframework/boot/spring-boot-starter-data-mongodb/3.3.3/spring-boot-starter-data-mongodb-3.3.3.jar:/home/ahmetyalcinkaya/.m2/repository/org/springframework/boot/spring-boot-starter/3.3.3/spring-boot-starter-3.3.3.jar:/home/ahmetyalcinkaya/.m2/repository/org/springframework/boot/spring-boot/3.3.3/spring-boot-3.3.3.jar:/home/ahmetyalcinkaya/.m2/repository/org/springframework/boot/spring-boot-autoconfigure/3.3.3/spring-boot-autoconfigure-3.3.3.jar:/home/ahmetyalcinkaya/.m2/repository/org/springframework/boot/spring-boot-starter-logging/3.3.3/spring-boot-starter-logging-3.3.3.jar:/home/ahmetyalcinkaya/.m2/repository/ch/qos/logback/logback-classic/1.5.7/logback-classic-1.5.7.jar:/home/ahmetyalcinkaya/.m2/repository/ch/qos/logback/logback-core/1.5.7/logback-core-1.5.7.jar:/home/ahmetyalcinkaya/.m2/repository/org/apache/logging/log4j/log4j-to-slf4j/2.23.1/log4j-to-slf4j-2.23.1.jar:/home/ahmetyalcinkaya/.m2/repository/org/apache/logging/log4j/log4j-api/2.23.1/log4j-api-2.23.1.jar:/home/ahmetyalcinkaya/.m2/repository/org/slf4j/jul-to-slf4j/2.0.16/jul-to-slf4j-2.0.16.jar:/home/ahmetyalcinkaya/.m2/repository/jakarta/annotation/jakarta.annotation-api/2.1.1/jakarta.annotation-api-2.1.1.jar:/home/ahmetyalcinkaya/.m2/repository/org/yaml/snakeyaml/2.2/snakeyaml-2.2.jar:/home/ahmetyalcinkaya/.m2/repository/org/mongodb/mongodb-driver-sync/5.0.1/mongodb-driver-sync-5.0.1.jar:/home/ahmetyalcinkaya/.m2/repository/org/mongodb/bson/5.0.1/bson-5.0.1.jar:/home/ahmetyalcinkaya/.m2/repository/org/mongodb/mongodb-driver-core/5.0.1/mongodb-driver-core-5.0.1.jar:/home/ahmetyalcinkaya/.m2/repository/org/mongodb/bson-record-codec/5.0.1/bson-record-codec-5.0.1.jar:/home/ahmetyalcinkaya/.m2/repository/org/springframework/data/spring-data-mongodb/4.3.3/spring-data-mongodb-4.3.3.jar:/home/ahmetyalcinkaya/.m2/repository/org/springframework/spring-tx/6.1.12/spring-tx-6.1.12.jar:/home/ahmetyalcinkaya/.m2/repository/org/springframework/spring-context/6.1.12/spring-context-6.1.12.jar:/home/ahmetyalcinkaya/.m2/repository/org/springframework/spring-beans/6.1.12/spring-beans-6.1.12.jar:/home/ahmetyalcinkaya/.m2/repository/org/springframework/spring-expression/6.1.12/spring-expression-6.1.12.jar:/home/ahmetyalcinkaya/.m2/repository/org/springframework/data/spring-data-commons/3.3.3/spring-data-commons-3.3.3.jar:/home/ahmetyalcinkaya/.m2/repository/org/slf4j/slf4j-api/2.0.16/slf4j-api-2.0.16.jar:/home/ahmetyalcinkaya/.m2/repository/org/springframework/boot/spring-boot-starter-web/3.3.3/spring-boot-starter-web-3.3.3.jar:/home/ahmetyalcinkaya/.m2/repository/org/springframework/boot/spring-boot-starter-json/3.3.3/spring-boot-starter-json-3.3.3.jar:/home/ahmetyalcinkaya/.m2/repository/com/fasterxml/jackson/datatype/jackson-datatype-jdk8/2.17.2/jackson-datatype-jdk8-2.17.2.jar:/home/ahmetyalcinkaya/.m2/repository/com/fasterxml/jackson/datatype/jackson-datatype-jsr310/2.17.2/jackson-datatype-jsr310-2.17.2.jar:/home/ahmetyalcinkaya/.m2/repository/com/fasterxml/jackson/module/jackson-module-parameter-names/2.17.2/jackson-module-parameter-names-2.17.2.jar:/home/ahmetyalcinkaya/.m2/repository/org/springframework/boot/spring-boot-starter-tomcat/3.3.3/spring-boot-starter-tomcat-3.3.3.jar:/home/ahmetyalcinkaya/.m2/repository/org/apache/tomcat/embed/tomcat-embed-core/10.1.28/tomcat-embed-core-10.1.28.jar:/home/ahmetyalcinkaya/.m2/repository/org/apache/tomcat/embed/tomcat-embed-websocket/10.1.28/tomcat-embed-websocket-10.1.28.jar:/home/ahmetyalcinkaya/.m2/repository/org/springframework/spring-web/6.1.12/spring-web-6.1.12.jar:/home/ahmetyalcinkaya/.m2/repository/io/micrometer/micrometer-observation/1.13.3/micrometer-observation-1.13.3.jar:/home/ahmetyalcinkaya/.m2/repository/io/micrometer/micrometer-commons/1.13.3/micrometer-commons-1.13.3.jar:/home/ahmetyalcinkaya/.m2/repository/org/springframework/spring-webmvc/6.1.12/spring-webmvc-6.1.12.jar:/home/ahmetyalcinkaya/.m2/repository/org/springframework/boot/spring-boot-starter-validation/3.3.3/spring-boot-starter-validation-3.3.3.jar:/home/ahmetyalcinkaya/.m2/repository/org/apache/tomcat/embed/tomcat-embed-el/10.1.28/tomcat-embed-el-10.1.28.jar:/home/ahmetyalcinkaya/.m2/repository/org/hibernate/validator/hibernate-validator/8.0.1.Final/hibernate-validator-8.0.1.Final.jar:/home/ahmetyalcinkaya/.m2/repository/jakarta/validation/jakarta.validation-api/3.0.2/jakarta.validation-api-3.0.2.jar:/home/ahmetyalcinkaya/.m2/repository/org/jboss/logging/jboss-logging/3.5.3.Final/jboss-logging-3.5.3.Final.jar:/home/ahmetyalcinkaya/.m2/repository/com/fasterxml/classmate/1.7.0/classmate-1.7.0.jar:/home/ahmetyalcinkaya/.m2/repository/org/springframework/boot/spring-boot-starter-security/3.3.3/spring-boot-starter-security-3.3.3.jar:/home/ahmetyalcinkaya/.m2/repository/org/springframework/spring-aop/6.1.12/spring-aop-6.1.12.jar:/home/ahmetyalcinkaya/.m2/repository/org/springframework/security/spring-security-config/6.3.3/spring-security-config-6.3.3.jar:/home/ahmetyalcinkaya/.m2/repository/org/springframework/security/spring-security-web/6.3.3/spring-security-web-6.3.3.jar:/home/ahmetyalcinkaya/.m2/repository/io/jsonwebtoken/jjwt/0.9.1/jjwt-0.9.1.jar:/home/ahmetyalcinkaya/.m2/repository/com/fasterxml/jackson/core/jackson-databind/2.17.2/jackson-databind-2.17.2.jar:/home/ahmetyalcinkaya/.m2/repository/com/fasterxml/jackson/core/jackson-annotations/2.17.2/jackson-annotations-2.17.2.jar:/home/ahmetyalcinkaya/.m2/repository/com/fasterxml/jackson/core/jackson-core/2.17.2/jackson-core-2.17.2.jar:/home/ahmetyalcinkaya/.m2/repository/org/apache/commons/commons-lang3/3.14.0/commons-lang3-3.14.0.jar:/home/ahmetyalcinkaya/.m2/repository/javax/xml/bind/jaxb-api/2.3.1/jaxb-api-2.3.1.jar:/home/ahmetyalcinkaya/.m2/repository/javax/activation/javax.activation-api/1.2.0/javax.activation-api-1.2.0.jar:/home/ahmetyalcinkaya/.m2/repository/com/sun/xml/bind/jaxb-core/2.3.0/jaxb-core-2.3.0.jar:/home/ahmetyalcinkaya/.m2/repository/com/sun/xml/bind/jaxb-impl/2.3.0/jaxb-impl-2.3.0.jar:/home/ahmetyalcinkaya/.m2/repository/org/springdoc/springdoc-openapi-starter-webmvc-ui/2.1.0/springdoc-openapi-starter-webmvc-ui-2.1.0.jar:/home/ahmetyalcinkaya/.m2/repository/org/springdoc/springdoc-openapi-starter-webmvc-api/2.1.0/springdoc-openapi-starter-webmvc-api-2.1.0.jar:/home/ahmetyalcinkaya/.m2/repository/org/springdoc/springdoc-openapi-starter-common/2.1.0/springdoc-openapi-starter-common-2.1.0.jar:/home/ahmetyalcinkaya/.m2/repository/io/swagger/core/v3/swagger-core-jakarta/2.2.9/swagger-core-jakarta-2.2.9.jar:/home/ahmetyalcinkaya/.m2/repository/io/swagger/core/v3/swagger-annotations-jakarta/2.2.9/swagger-annotations-jakarta-2.2.9.jar:/home/ahmetyalcinkaya/.m2/repository/io/swagger/core/v3/swagger-models-jakarta/2.2.9/swagger-models-jakarta-2.2.9.jar:/home/ahmetyalcinkaya/.m2/repository/com/fasterxml/jackson/dataformat/jackson-dataformat-yaml/2.17.2/jackson-dataformat-yaml-2.17.2.jar:/home/ahmetyalcinkaya/.m2/repository/org/webjars/swagger-ui/4.18.2/swagger-ui-4.18.2.jar:/home/ahmetyalcinkaya/.m2/repository/org/springframework/boot/spring-boot-starter-test/3.3.3/spring-boot-starter-test-3.3.3.jar:/home/ahmetyalcinkaya/.m2/repository/org/springframework/boot/spring-boot-test/3.3.3/spring-boot-test-3.3.3.jar:/home/ahmetyalcinkaya/.m2/repository/org/springframework/boot/spring-boot-test-autoconfigure/3.3.3/spring-boot-test-autoconfigure-3.3.3.jar:/home/ahmetyalcinkaya/.m2/repository/com/jayway/jsonpath/json-path/2.9.0/json-path-2.9.0.jar:/home/ahmetyalcinkaya/.m2/repository/jakarta/xml/bind/jakarta.xml.bind-api/4.0.2/jakarta.xml.bind-api-4.0.2.jar:/home/ahmetyalcinkaya/.m2/repository/jakarta/activation/jakarta.activation-api/2.1.3/jakarta.activation-api-2.1.3.jar:/home/ahmetyalcinkaya/.m2/repository/net/minidev/json-smart/2.5.1/json-smart-2.5.1.jar:/home/ahmetyalcinkaya/.m2/repository/net/minidev/accessors-smart/2.5.1/accessors-smart-2.5.1.jar:/home/ahmetyalcinkaya/.m2/repository/org/ow2/asm/asm/9.6/asm-9.6.jar:/home/ahmetyalcinkaya/.m2/repository/org/assertj/assertj-core/3.25.3/assertj-core-3.25.3.jar:/home/ahmetyalcinkaya/.m2/repository/net/bytebuddy/byte-buddy/1.14.19/byte-buddy-1.14.19.jar:/home/ahmetyalcinkaya/.m2/repository/org/awaitility/awaitility/4.2.2/awaitility-4.2.2.jar:/home/ahmetyalcinkaya/.m2/repository/org/hamcrest/hamcrest/2.2/hamcrest-2.2.jar:/home/ahmetyalcinkaya/.m2/repository/org/junit/jupiter/junit-jupiter/5.10.3/junit-jupiter-5.10.3.jar:/home/ahmetyalcinkaya/.m2/repository/org/junit/jupiter/junit-jupiter-api/5.10.3/junit-jupiter-api-5.10.3.jar:/home/ahmetyalcinkaya/.m2/repository/org/opentest4j/opentest4j/1.3.0/opentest4j-1.3.0.jar:/home/ahmetyalcinkaya/.m2/repository/org/junit/platform/junit-platform-commons/1.10.3/junit-platform-commons-1.10.3.jar:/home/ahmetyalcinkaya/.m2/repository/org/apiguardian/apiguardian-api/1.1.2/apiguardian-api-1.1.2.jar:/home/ahmetyalcinkaya/.m2/repository/org/junit/jupiter/junit-jupiter-params/5.10.3/junit-jupiter-params-5.10.3.jar:/home/ahmetyalcinkaya/.m2/repository/org/junit/jupiter/junit-jupiter-engine/5.10.3/junit-jupiter-engine-5.10.3.jar:/home/ahmetyalcinkaya/.m2/repository/org/junit/platform/junit-platform-engine/1.10.3/junit-platform-engine-1.10.3.jar:/home/ahmetyalcinkaya/.m2/repository/org/mockito/mockito-core/5.11.0/mockito-core-5.11.0.jar:/home/ahmetyalcinkaya/.m2/repository/net/bytebuddy/byte-buddy-agent/1.14.19/byte-buddy-agent-1.14.19.jar:/home/ahmetyalcinkaya/.m2/repository/org/objenesis/objenesis/3.3/objenesis-3.3.jar:/home/ahmetyalcinkaya/.m2/repository/org/mockito/mockito-junit-jupiter/5.11.0/mockito-junit-jupiter-5.11.0.jar:/home/ahmetyalcinkaya/.m2/repository/org/skyscreamer/jsonassert/1.5.3/jsonassert-1.5.3.jar:/home/ahmetyalcinkaya/.m2/repository/com/vaadin/external/google/android-json/0.0.20131108.vaadin1/android-json-0.0.20131108.vaadin1.jar:/home/ahmetyalcinkaya/.m2/repository/org/springframework/spring-core/6.1.12/spring-core-6.1.12.jar:/home/ahmetyalcinkaya/.m2/repository/org/springframework/spring-jcl/6.1.12/spring-jcl-6.1.12.jar:/home/ahmetyalcinkaya/.m2/repository/org/springframework/spring-test/6.1.12/spring-test-6.1.12.jar:/home/ahmetyalcinkaya/.m2/repository/org/xmlunit/xmlunit-core/2.9.1/xmlunit-core-2.9.1.jar:/home/ahmetyalcinkaya/.m2/repository/org/springframework/security/spring-security-test/6.3.3/spring-security-test-6.3.3.jar:/home/ahmetyalcinkaya/.m2/repository/org/springframework/security/spring-security-core/6.3.3/spring-security-core-6.3.3.jar:/home/ahmetyalcinkaya/.m2/repository/org/springframework/security/spring-security-crypto/6.3.3/spring-security-crypto-6.3.3.jar:"/>
    <property name="sun.cpu.endian" value="little"/>
    <property name="user.home" value="/home/ahmetyalcinkaya"/>
    <property name="user.language" value="en"/>
    <property name="java.specification.vendor" value="Oracle Corporation"/>
    <property name="java.version.date" value="2024-07-16"/>
    <property name="java.home" value="/usr/lib/jvm/java-17-openjdk-amd64"/>
    <property name="file.separator" value="/"/>
    <property name="basedir" value="/home/ahmetyalcinkaya/projects/JavaProjects/AppFellasFlightApi"/>
    <property name="java.vm.compressedOopsMode" value="Zero based"/>
    <property name="line.separator" value="&#10;"/>
    <property name="java.specification.name" value="Java Platform API Specification"/>
    <property name="java.vm.specification.vendor" value="Oracle Corporation"/>
    <property name="FILE_LOG_CHARSET" value="UTF-8"/>
    <property name="java.awt.headless" value="true"/>
    <property name="surefire.real.class.path" value="/home/ahmetyalcinkaya/projects/JavaProjects/AppFellasFlightApi/target/surefire/surefirebooter-20240924141844551_3.jar"/>
    <property name="sun.management.compiler" value="HotSpot 64-Bit Tiered Compilers"/>
    <property name="java.runtime.version" value="17.0.12+7-Ubuntu-1ubuntu224.04"/>
    <property name="user.name" value="ahmetyalcinkaya"/>
    <property name="path.separator" value=":"/>
    <property name="os.version" value="6.8.0-45-generic"/>
    <property name="java.runtime.name" value="OpenJDK Runtime Environment"/>
    <property name="file.encoding" value="UTF-8"/>
    <property name="java.vm.name" value="OpenJDK 64-Bit Server VM"/>
    <property name="localRepository" value="/home/ahmetyalcinkaya/.m2/repository"/>
    <property name="java.vendor.url.bug" value="https://bugs.launchpad.net/ubuntu/+source/openjdk-17"/>
    <property name="java.io.tmpdir" value="/tmp"/>
    <property name="idea.version" value="2024.2.1"/>
    <property name="java.version" value="17.0.12"/>
    <property name="user.dir" value="/home/ahmetyalcinkaya/projects/JavaProjects/AppFellasFlightApi"/>
    <property name="os.arch" value="amd64"/>
    <property name="java.vm.specification.name" value="Java Virtual Machine Specification"/>
    <property name="PID" value="28700"/>
    <property name="CONSOLE_LOG_CHARSET" value="UTF-8"/>
    <property name="native.encoding" value="UTF-8"/>
    <property name="java.library.path" value="/usr/java/packages/lib:/usr/lib/x86_64-linux-gnu/jni:/lib/x86_64-linux-gnu:/usr/lib/x86_64-linux-gnu:/usr/lib/jni:/lib:/usr/lib"/>
    <property name="java.vm.info" value="mixed mode, sharing"/>
    <property name="java.vendor" value="Ubuntu"/>
    <property name="java.vm.version" value="17.0.12+7-Ubuntu-1ubuntu224.04"/>
    <property name="sun.io.unicode.encoding" value="UnicodeLittle"/>
    <property name="java.class.version" value="61.0"/>
    <property name="LOGGED_APPLICATION_NAME" value="[AppFellas Flight API] "/>
  </properties>
  <testcase name="contextLoads" classname="com.appfellas.flightApi.FlightApiApplicationTests" time="0.477">
    <system-out><![CDATA[14:18:45.031 [main] INFO org.springframework.test.context.support.AnnotationConfigContextLoaderUtils -- Could not detect default configuration classes for test class [com.appfellas.flightApi.FlightApiApplicationTests]: FlightApiApplicationTests does not declare any static, non-private, non-final, nested classes annotated with @Configuration.
14:18:45.091 [main] INFO org.springframework.boot.test.context.SpringBootTestContextBootstrapper -- Found @SpringBootConfiguration com.appfellas.flightApi.FlightApiApplication for test class com.appfellas.flightApi.FlightApiApplicationTests

  .   ____          _            __ _ _
 /\\ / ___'_ __ _ _(_)_ __  __ _ \ \ \ \
( ( )\___ | '_ | '_| | '_ \/ _` | \ \ \ \
 \\/  ___)| |_)| | | | | || (_| |  ) ) ) )
  '  |____| .__|_| |_|_| |_\__, | / / / /
 =========|_|==============|___/=/_/_/_/

 :: Spring Boot ::                (v3.3.3)

2024-09-24T14:18:45.329+03:00  INFO 28700 --- [AppFellas Flight API] [           main] c.a.flightApi.FlightApiApplicationTests  : Starting FlightApiApplicationTests using Java 17.0.12 with PID 28700 (started by ahmetyalcinkaya in /home/ahmetyalcinkaya/projects/JavaProjects/AppFellasFlightApi)
2024-09-24T14:18:45.330+03:00  INFO 28700 --- [AppFellas Flight API] [           main] c.a.flightApi.FlightApiApplicationTests  : No active profile set, falling back to 1 default profile: "default"
2024-09-24T14:18:45.847+03:00  INFO 28700 --- [AppFellas Flight API] [           main] .s.d.r.c.RepositoryConfigurationDelegate : Bootstrapping Spring Data MongoDB repositories in DEFAULT mode.
2024-09-24T14:18:45.897+03:00  INFO 28700 --- [AppFellas Flight API] [           main] .s.d.r.c.RepositoryConfigurationDelegate : Finished Spring Data repository scanning in 46 ms. Found 4 MongoDB repository interfaces.
2024-09-24T14:18:46.332+03:00  INFO 28700 --- [AppFellas Flight API] [           main] org.mongodb.driver.client                : MongoClient with metadata {"driver": {"name": "mongo-java-driver|sync|spring-boot", "version": "5.0.1"}, "os": {"type": "Linux", "name": "Linux", "architecture": "amd64", "version": "6.8.0-45-generic"}, "platform": "Java/Ubuntu/17.0.12+7-Ubuntu-1ubuntu224.04"} created with settings MongoClientSettings{readPreference=primary, writeConcern=WriteConcern{w=null, wTimeout=null ms, journal=null}, retryWrites=true, retryReads=true, readConcern=ReadConcern{level=null}, credential=null, transportSettings=null, commandListeners=[], codecRegistry=ProvidersCodecRegistry{codecProviders=[ValueCodecProvider{}, BsonValueCodecProvider{}, DBRefCodecProvider{}, DBObjectCodecProvider{}, DocumentCodecProvider{}, CollectionCodecProvider{}, IterableCodecProvider{}, MapCodecProvider{}, GeoJsonCodecProvider{}, GridFSFileCodecProvider{}, Jsr310CodecProvider{}, JsonObjectCodecProvider{}, BsonCodecProvider{}, EnumCodecProvider{}, com.mongodb.client.model.mql.ExpressionCodecProvider@77b5148c, com.mongodb.Jep395RecordCodecProvider@36359723, com.mongodb.KotlinCodecProvider@1ab14636]}, loggerSettings=LoggerSettings{maxDocumentLength=1000}, clusterSettings={hosts=[localhost:27017], srvServiceName=mongodb, mode=SINGLE, requiredClusterType=UNKNOWN, requiredReplicaSetName='null', serverSelector='null', clusterListeners='[]', serverSelectionTimeout='30000 ms', localThreshold='15 ms'}, socketSettings=SocketSettings{connectTimeoutMS=10000, readTimeoutMS=0, receiveBufferSize=0, proxySettings=ProxySettings{host=null, port=null, username=null, password=null}}, heartbeatSocketSettings=SocketSettings{connectTimeoutMS=10000, readTimeoutMS=10000, receiveBufferSize=0, proxySettings=ProxySettings{host=null, port=null, username=null, password=null}}, connectionPoolSettings=ConnectionPoolSettings{maxSize=100, minSize=0, maxWaitTimeMS=120000, maxConnectionLifeTimeMS=0, maxConnectionIdleTimeMS=0, maintenanceInitialDelayMS=0, maintenanceFrequencyMS=60000, connectionPoolListeners=[], maxConnecting=2}, serverSettings=ServerSettings{heartbeatFrequencyMS=10000, minHeartbeatFrequencyMS=500, serverListeners='[]', serverMonitorListeners='[]'}, sslSettings=SslSettings{enabled=false, invalidHostNameAllowed=false, context=null}, applicationName='null', compressorList=[], uuidRepresentation=JAVA_LEGACY, serverApi=null, autoEncryptionSettings=null, dnsClient=null, inetAddressResolver=null, contextProvider=null}
2024-09-24T14:18:46.362+03:00  INFO 28700 --- [AppFellas Flight API] [localhost:27017] org.mongodb.driver.cluster               : Monitor thread successfully connected to server with description ServerDescription{address=localhost:27017, type=STANDALONE, state=CONNECTED, ok=true, minWireVersion=0, maxWireVersion=21, maxDocumentSize=16777216, logicalSessionTimeoutMinutes=30, roundTripTimeNanos=25144573}
2024-09-24T14:18:47.815+03:00  INFO 28700 --- [AppFellas Flight API] [           main] c.a.flightApi.FlightApiApplicationTests  : Started FlightApiApplicationTests in 2.65 seconds (process running for 3.22)
2024-09-24T14:18:47.908+03:00  INFO 28700 --- [AppFellas Flight API] [           main] c.appfellas.flightApi.config.AppConfig   : Admin account created -> Email: ahmetcan.yalcinkaya55@gmail.com / Password: Ahmet123.
2024-09-24T14:18:47.912+03:00  INFO 28700 --- [AppFellas Flight API] [           main] c.appfellas.flightApi.config.AppConfig   : App Fellas admin account created -> Email: admin@appfellas.com / Password: APPFELLAS
2024-09-24T14:18:47.968+03:00  INFO 28700 --- [AppFellas Flight API] [           main] c.appfellas.flightApi.config.AppConfig   : App Fellas user account created -> Email: user@appfellas.com / Password: APPFELLASUSER
2024-09-24T14:18:47.973+03:00  INFO 28700 --- [AppFellas Flight API] [           main] c.appfellas.flightApi.config.AppConfig   : Istanbul Airport -> Airport already created!
2024-09-24T14:18:47.976+03:00  INFO 28700 --- [AppFellas Flight API] [           main] c.appfellas.flightApi.config.AppConfig   : Sabiha Gokcen International Airport -> Airport already created!
2024-09-24T14:18:47.978+03:00  INFO 28700 --- [AppFellas Flight API] [           main] c.appfellas.flightApi.config.AppConfig   : Antalya Airport -> Airport already created!
2024-09-24T14:18:47.981+03:00  INFO 28700 --- [AppFellas Flight API] [           main] c.appfellas.flightApi.config.AppConfig   : Izmir Adnan Menderes Airport -> Airport already created!
2024-09-24T14:18:47.983+03:00  INFO 28700 --- [AppFellas Flight API] [           main] c.appfellas.flightApi.config.AppConfig   : Ankara Esenboga Airport -> Airport already created!
2024-09-24T14:18:47.986+03:00  INFO 28700 --- [AppFellas Flight API] [           main] c.appfellas.flightApi.config.AppConfig   : London Heathrow Airport -> Airport already created!
2024-09-24T14:18:47.989+03:00  INFO 28700 --- [AppFellas Flight API] [           main] c.appfellas.flightApi.config.AppConfig   : Paris Charles de Gaulle Airport -> Airport already created!
2024-09-24T14:18:47.992+03:00  INFO 28700 --- [AppFellas Flight API] [           main] c.appfellas.flightApi.config.AppConfig   : Amsterdam Schiphol Airport -> Airport already created!
2024-09-24T14:18:47.995+03:00  INFO 28700 --- [AppFellas Flight API] [           main] c.appfellas.flightApi.config.AppConfig   : Dubai International Airport -> Airport already created!
2024-09-24T14:18:47.996+03:00  INFO 28700 --- [AppFellas Flight API] [           main] c.appfellas.flightApi.config.AppConfig   : New York John F. Kennedy International Airport -> Airport already created!
2024-09-24T14:18:47.999+03:00  INFO 28700 --- [AppFellas Flight API] [           main] c.appfellas.flightApi.config.AppConfig   : Los Angeles International Airport -> Airport already created!
2024-09-24T14:18:48.002+03:00  INFO 28700 --- [AppFellas Flight API] [           main] c.appfellas.flightApi.config.AppConfig   : Tokyo Haneda Airport -> Airport already created!
2024-09-24T14:18:48.005+03:00  INFO 28700 --- [AppFellas Flight API] [           main] c.appfellas.flightApi.config.AppConfig   : Singapore Changi Airport -> Airport already created!
2024-09-24T14:18:48.007+03:00  INFO 28700 --- [AppFellas Flight API] [           main] c.appfellas.flightApi.config.AppConfig   : Sydney Kingsford Smith Airport -> Airport already created!
2024-09-24T14:18:48.009+03:00  INFO 28700 --- [AppFellas Flight API] [           main] c.appfellas.flightApi.config.AppConfig   : Hong Kong International Airport -> Airport already created!
2024-09-24T14:18:48.011+03:00  INFO 28700 --- [AppFellas Flight API] [           main] c.appfellas.flightApi.config.AppConfig   : Munich Airport -> Airport already created!
2024-09-24T14:18:48.013+03:00  INFO 28700 --- [AppFellas Flight API] [           main] c.appfellas.flightApi.config.AppConfig   : Zurich Airport -> Airport already created!
2024-09-24T14:18:48.016+03:00  INFO 28700 --- [AppFellas Flight API] [           main] c.appfellas.flightApi.config.AppConfig   : Rome Leonardo da Vinci International Airport -> Airport already created!
2024-09-24T14:18:48.018+03:00  INFO 28700 --- [AppFellas Flight API] [           main] c.appfellas.flightApi.config.AppConfig   : Beijing Capital International Airport -> Airport already created!
2024-09-24T14:18:48.022+03:00  INFO 28700 --- [AppFellas Flight API] [           main] c.appfellas.flightApi.config.AppConfig   : Moscow Sheremetyevo International Airport -> Airport already created!
2024-09-24T14:18:48.026+03:00  INFO 28700 --- [AppFellas Flight API] [           main] c.appfellas.flightApi.config.AppConfig   : TK -> Airline has been added!
2024-09-24T14:18:48.028+03:00  INFO 28700 --- [AppFellas Flight API] [           main] c.appfellas.flightApi.config.AppConfig   : LH -> Airline has been added!
2024-09-24T14:18:48.032+03:00  INFO 28700 --- [AppFellas Flight API] [           main] c.appfellas.flightApi.config.AppConfig   : EK -> Airline has been added!
2024-09-24T14:18:48.034+03:00  INFO 28700 --- [AppFellas Flight API] [           main] c.appfellas.flightApi.config.AppConfig   : QR -> Airline has been added!
2024-09-24T14:18:48.036+03:00  INFO 28700 --- [AppFellas Flight API] [           main] c.appfellas.flightApi.config.AppConfig   : AA -> Airline has been added!
2024-09-24T14:18:48.039+03:00  INFO 28700 --- [AppFellas Flight API] [           main] c.appfellas.flightApi.config.AppConfig   : BA -> Airline has been added!
2024-09-24T14:18:48.040+03:00  INFO 28700 --- [AppFellas Flight API] [           main] c.appfellas.flightApi.config.AppConfig   : AF -> Airline has been added!
2024-09-24T14:18:48.042+03:00  INFO 28700 --- [AppFellas Flight API] [           main] c.appfellas.flightApi.config.AppConfig   : KL -> Airline has been added!
2024-09-24T14:18:48.043+03:00  INFO 28700 --- [AppFellas Flight API] [           main] c.appfellas.flightApi.config.AppConfig   : SQ -> Airline has been added!
2024-09-24T14:18:48.045+03:00  INFO 28700 --- [AppFellas Flight API] [           main] c.appfellas.flightApi.config.AppConfig   : LX -> Airline has been added!
2024-09-24T14:18:48.046+03:00  INFO 28700 --- [AppFellas Flight API] [           main] c.appfellas.flightApi.config.AppConfig   : JL -> Airline has been added!
2024-09-24T14:18:48.048+03:00  INFO 28700 --- [AppFellas Flight API] [           main] c.appfellas.flightApi.config.AppConfig   : DL -> Airline has been added!
2024-09-24T14:18:48.049+03:00  INFO 28700 --- [AppFellas Flight API] [           main] c.appfellas.flightApi.config.AppConfig   : SU -> Airline has been added!
2024-09-24T14:18:48.050+03:00  INFO 28700 --- [AppFellas Flight API] [           main] c.appfellas.flightApi.config.AppConfig   : EY -> Airline has been added!
2024-09-24T14:18:48.051+03:00  INFO 28700 --- [AppFellas Flight API] [           main] c.appfellas.flightApi.config.AppConfig   : CX -> Airline has been added!
2024-09-24T14:18:48.053+03:00  INFO 28700 --- [AppFellas Flight API] [           main] c.appfellas.flightApi.config.AppConfig   : Flight with the flightName => TK4014 has been created.
2024-09-24T14:18:48.056+03:00  INFO 28700 --- [AppFellas Flight API] [           main] c.appfellas.flightApi.config.AppConfig   : Flight with the flightName => AA1578 has been created.
2024-09-24T14:18:48.060+03:00  INFO 28700 --- [AppFellas Flight API] [           main] c.appfellas.flightApi.config.AppConfig   : Flight with the flightName => LH542 has been created.
2024-09-24T14:18:48.064+03:00  INFO 28700 --- [AppFellas Flight API] [           main] c.appfellas.flightApi.config.AppConfig   : Flight with the flightName => BA985 has been created.
2024-09-24T14:18:48.066+03:00  INFO 28700 --- [AppFellas Flight API] [           main] c.appfellas.flightApi.config.AppConfig   : Flight with the flightName => DL4532 has been created.
2024-09-24T14:18:48.068+03:00  INFO 28700 --- [AppFellas Flight API] [           main] c.appfellas.flightApi.config.AppConfig   : Flight with the flightName => TK863 has been created.
2024-09-24T14:18:48.070+03:00  INFO 28700 --- [AppFellas Flight API] [           main] c.appfellas.flightApi.config.AppConfig   : Flight with the flightName => TK967 has been created.
2024-09-24T14:18:48.071+03:00  INFO 28700 --- [AppFellas Flight API] [           main] c.appfellas.flightApi.config.AppConfig   : Flight with the flightName => KL1923 has been created.
2024-09-24T14:18:48.074+03:00  INFO 28700 --- [AppFellas Flight API] [           main] c.appfellas.flightApi.config.AppConfig   : Flight with the flightName => AA678 has been created.
2024-09-24T14:18:48.076+03:00  INFO 28700 --- [AppFellas Flight API] [           main] c.appfellas.flightApi.config.AppConfig   : Flight with the flightName => TK9310 has been created.
{flights=[{lastUpdatedAt=2024-09-24T01:44:28.235+02:00, actualLandingTime=2024-09-24T00:01:00.000+02:00, aircraftType={iataMain=787, iataSub=788}, baggageClaim={belts=[22]}, estimatedLandingTime=2024-09-24T00:00:00.000+02:00, expectedTimeOnBelt=2024-09-24T00:56:55.785+02:00, flightDirection=A, flightName=OR3057, flightNumber=3057, id=140716954033887150, isOperationalFlight=true, mainFlight=OR3057, prefixIATA=OR, prefixICAO=TFL, airlineCode=231, publicFlightState={flightStates=[ARR]}, route={destinations=[DLM, BJV], eu=N, visa=false}, scheduleDateTime=2024-09-24T00:00:00.000+02:00, scheduleDate=2024-09-24, scheduleTime=00:00:00, serviceType=J, terminal=4, schemaVersion=4}, {lastUpdatedAt=2024-09-24T02:05:00.201+02:00, actualLandingTime=2024-09-23T23:55:00.000+02:00, aircraftType={iataMain=737, iataSub=73H}, baggageClaim={belts=[4]}, codeshares={codeshares=[KL2558]}, estimatedLandingTime=2024-09-23T23:55:00.000+02:00, expectedTimeOnBelt=2024-09-24T00:32:16.471+02:00, flightDirection=A, flightName=HV6874, flightNumber=6874, id=140716953078391004, isOperationalFlight=true, mainFlight=HV6874, prefixIATA=HV, prefixICAO=TRA, airlineCode=164, publicFlightState={flightStates=[ARR]}, route={destinations=[HER], eu=S, visa=false}, scheduleDateTime=2024-09-24T00:00:00.000+02:00, scheduleDate=2024-09-24, scheduleTime=00:00:00, serviceType=J, terminal=1, schemaVersion=4}, {lastUpdatedAt=2024-09-24T02:05:00.201+02:00, actualLandingTime=2024-09-23T23:55:00.000+02:00, aircraftType={iataMain=737, iataSub=73H}, baggageClaim={belts=[4]}, codeshares={codeshares=[KL2558]}, estimatedLandingTime=2024-09-23T23:55:00.000+02:00, expectedTimeOnBelt=2024-09-24T00:32:16.471+02:00, flightDirection=A, flightName=KL2558, flightNumber=2558, id=140716953456557948, isOperationalFlight=true, mainFlight=HV6874, prefixIATA=KL, prefixICAO=KLM, airlineCode=100, publicFlightState={flightStates=[ARR]}, route={destinations=[HER], eu=S, visa=false}, scheduleDateTime=2024-09-24T00:00:00.000+02:00, scheduleDate=2024-09-24, scheduleTime=00:00:00, serviceType=J, terminal=1, schemaVersion=4}, {lastUpdatedAt=2024-09-24T01:59:35.144+02:00, actualLandingTime=2024-09-24T00:20:00.000+02:00, aircraftType={iataMain=737, iataSub=73H}, baggageClaim={belts=[4]}, codeshares={codeshares=[KL2606]}, estimatedLandingTime=2024-09-24T00:25:00.000+02:00, expectedTimeOnBelt=2024-09-24T00:59:35.000+02:00, flightDirection=A, flightName=HV6002, flightNumber=6002, id=140716953078368578, isOperationalFlight=true, mainFlight=HV6002, prefixIATA=HV, prefixICAO=TRA, airlineCode=164, publicFlightState={flightStates=[ARR, EXP]}, route={destinations=[OPO], eu=S, visa=false}, scheduleDateTime=2024-09-24T00:15:00.000+02:00, scheduleDate=2024-09-24, scheduleTime=00:15:00, serviceType=J, terminal=1, schemaVersion=4}, {lastUpdatedAt=2024-09-24T01:59:35.144+02:00, actualLandingTime=2024-09-24T00:20:00.000+02:00, aircraftType={iataMain=737, iataSub=73H}, baggageClaim={belts=[4]}, codeshares={codeshares=[KL2606]}, estimatedLandingTime=2024-09-24T00:25:00.000+02:00, expectedTimeOnBelt=2024-09-24T00:59:35.000+02:00, flightDirection=A, flightName=KL2606, flightNumber=2606, id=140716953456560312, isOperationalFlight=true, mainFlight=HV6002, prefixIATA=KL, prefixICAO=KLM, airlineCode=100, publicFlightState={flightStates=[ARR, EXP]}, route={destinations=[OPO], eu=S, visa=false}, scheduleDateTime=2024-09-24T00:15:00.000+02:00, scheduleDate=2024-09-24, scheduleTime=00:15:00, serviceType=J, terminal=1, schemaVersion=4}, {lastUpdatedAt=2024-09-24T03:02:58.191+02:00, actualLandingTime=2024-09-24T01:18:00.000+02:00, aircraftType={iataMain=737, iataSub=73H}, baggageClaim={belts=[6]}, estimatedLandingTime=2024-09-24T01:33:00.000+02:00, expectedTimeOnBelt=2024-09-24T01:58:17.000+02:00, flightDirection=A, flightName=HV5134, flightNumber=5134, id=140716953078270236, isOperationalFlight=true, mainFlight=HV5134, prefixIATA=HV, prefixICAO=TRA, airlineCode=164, publicFlightState={flightStates=[ARR, EXP]}, route={destinations=[BCN], eu=S, visa=false}, scheduleDateTime=2024-09-24T00:15:00.000+02:00, scheduleDate=2024-09-24, scheduleTime=00:15:00, serviceType=J, terminal=1, schemaVersion=4}, {lastUpdatedAt=2024-09-24T02:15:49.144+02:00, actualLandingTime=2024-09-24T00:12:00.000+02:00, aircraftType={iataMain=32S, iataSub=32Q}, baggageClaim={belts=[2]}, estimatedLandingTime=2024-09-24T00:12:56.000+02:00, expectedTimeOnBelt=2024-09-24T01:10:44.000+02:00, flightDirection=A, flightName=HV5518, flightNumber=5518, id=140716953078281048, isOperationalFlight=true, mainFlight=HV5518, prefixIATA=HV, prefixICAO=TRA, airlineCode=164, publicFlightState={flightStates=[ARR, EXP]}, route={destinations=[PFO], eu=E, visa=false}, scheduleDateTime=2024-09-24T00:25:00.000+02:00, scheduleDate=2024-09-24, scheduleTime=00:25:00, serviceType=J, terminal=1, schemaVersion=4}, {lastUpdatedAt=2024-09-24T03:40:54.278+02:00, actualLandingTime=2024-09-24T01:27:00.000+02:00, aircraftType={iataMain=737, iataSub=73H}, baggageClaim={belts=[2]}, estimatedLandingTime=2024-09-24T01:39:00.000+02:00, expectedTimeOnBelt=2024-09-24T02:07:23.972+02:00, flightDirection=A, flightName=HV5588, flightNumber=5588, id=140716953078281566, isOperationalFlight=true, mainFlight=HV5588, prefixIATA=HV, prefixICAO=TRA, airlineCode=164, publicFlightState={flightStates=[ARR, EXP]}, route={destinations=[NCE], eu=S, visa=false}, scheduleDateTime=2024-09-24T00:25:00.000+02:00, scheduleDate=2024-09-24, scheduleTime=00:25:00, serviceType=J, terminal=1, schemaVersion=4}, {lastUpdatedAt=2024-09-24T01:03:55.704+02:00, actualOffBlockTime=2024-09-24T00:50:00.000+02:00, aircraftRegistration=PHCKA, aircraftType={iataMain=74F, iataSub=74Y}, flightDirection=D, flightName=MP6121, flightNumber=6121, id=140716953749321101, isOperationalFlight=true, mainFlight=MP6121, prefixIATA=MP, prefixICAO=MPH, airlineCode=122, publicEstimatedOffBlockTime=2024-09-24T00:30:00.000+02:00, publicFlightState={flightStates=[DEP]}, route={destinations=[MIA, BOG], eu=N, visa=false}, scheduleDateTime=2024-09-24T00:30:00.000+02:00, scheduleDate=2024-09-24, scheduleTime=00:30:00, serviceType=F, schemaVersion=4}, {lastUpdatedAt=2024-09-24T02:01:53.143+02:00, actualLandingTime=2024-09-24T00:27:00.000+02:00, aircraftType={iataMain=737, iataSub=73H}, baggageClaim={belts=[6]}, codeshares={codeshares=[DL7488, KL2574]}, estimatedLandingTime=2024-09-24T00:21:00.000+02:00, expectedTimeOnBelt=2024-09-24T01:01:53.000+02:00, flightDirection=A, flightName=HV5662, flightNumber=5662, id=140716953078284144, isOperationalFlight=true, mainFlight=HV5662, prefixIATA=HV, prefixICAO=TRA, airlineCode=164, publicFlightState={flightStates=[ARR]}, route={destinations=[LPA], eu=S, visa=false}, scheduleDateTime=2024-09-24T00:30:00.000+02:00, scheduleDate=2024-09-24, scheduleTime=00:30:00, serviceType=J, terminal=1, schemaVersion=4}, {lastUpdatedAt=2024-09-24T02:01:53.143+02:00, actualLandingTime=2024-09-24T00:27:00.000+02:00, aircraftType={iataMain=737, iataSub=73H}, baggageClaim={belts=[6]}, codeshares={codeshares=[DL7488, KL2574]}, estimatedLandingTime=2024-09-24T00:21:00.000+02:00, expectedTimeOnBelt=2024-09-24T01:01:53.000+02:00, flightDirection=A, flightName=DL7488, flightNumber=7488, id=140716952486246564, isOperationalFlight=true, mainFlight=HV5662, prefixIATA=DL, prefixICAO=DAL, airlineCode=58, publicFlightState={flightStates=[ARR]}, route={destinations=[LPA], eu=S, visa=false}, scheduleDateTime=2024-09-24T00:30:00.000+02:00, scheduleDate=2024-09-24, scheduleTime=00:30:00, serviceType=J, terminal=1, schemaVersion=4}, {lastUpdatedAt=2024-09-24T02:01:53.143+02:00, actualLandingTime=2024-09-24T00:27:00.000+02:00, aircraftType={iataMain=737, iataSub=73H}, baggageClaim={belts=[6]}, codeshares={codeshares=[DL7488, KL2574]}, estimatedLandingTime=2024-09-24T00:21:00.000+02:00, expectedTimeOnBelt=2024-09-24T01:01:53.000+02:00, flightDirection=A, flightName=KL2574, flightNumber=2574, id=140716953456558088, isOperationalFlight=true, mainFlight=HV5662, prefixIATA=KL, prefixICAO=KLM, airlineCode=100, publicFlightState={flightStates=[ARR]}, route={destinations=[LPA], eu=S, visa=false}, scheduleDateTime=2024-09-24T00:30:00.000+02:00, scheduleDate=2024-09-24, scheduleTime=00:30:00, serviceType=J, terminal=1, schemaVersion=4}, {lastUpdatedAt=2024-09-24T02:48:00.293+02:00, actualLandingTime=2024-09-24T00:35:00.000+02:00, aircraftType={iataMain=32S, iataSub=32Q}, baggageClaim={belts=[2]}, estimatedLandingTime=2024-09-24T00:30:00.000+02:00, expectedTimeOnBelt=2024-09-24T01:25:51.308+02:00, flightDirection=A, flightName=HV5956, flightNumber=5956, id=140716953078292292, isOperationalFlight=true, mainFlight=HV5956, prefixIATA=HV, prefixICAO=TRA, airlineCode=164, publicFlightState={flightStates=[ARR]}, route={destinations=[LIS], eu=S, visa=false}, scheduleDateTime=2024-09-24T00:35:00.000+02:00, scheduleDate=2024-09-24, scheduleTime=00:35:00, serviceType=J, terminal=1, schemaVersion=4}, {lastUpdatedAt=2024-09-24T03:24:49.141+02:00, actualLandingTime=2024-09-24T01:35:00.000+02:00, aircraftType={iataMain=32S, iataSub=320}, baggageClaim={belts=[20]}, estimatedLandingTime=2024-09-24T01:34:00.000+02:00, expectedTimeOnBelt=2024-09-24T02:51:46.181+02:00, flightDirection=A, flightName=OR1202, flightNumber=1202, id=140716954033689634, isOperationalFlight=true, mainFlight=OR1202, prefixIATA=OR, prefixICAO=TFL, airlineCode=231, publicFlightState={flightStates=[ARR, EXP]}, route={destinations=[RHO], eu=S, visa=false}, scheduleDateTime=2024-09-24T00:35:00.000+02:00, scheduleDate=2024-09-24, scheduleTime=00:35:00, serviceType=J, terminal=4, schemaVersion=4}, {lastUpdatedAt=2024-09-24T02:48:30.140+02:00, actualLandingTime=2024-09-24T00:56:00.000+02:00, aircraftType={iataMain=737, iataSub=73H}, baggageClaim={belts=[2]}, codeshares={codeshares=[KL3276]}, estimatedLandingTime=2024-09-24T01:17:00.000+02:00, expectedTimeOnBelt=2024-09-24T01:48:30.000+02:00, flightDirection=A, flightName=HV5618, flightNumber=5618, id=140716953078283786, isOperationalFlight=true, mainFlight=HV5618, prefixIATA=HV, prefixICAO=TRA, airlineCode=164, publicFlightState={flightStates=[ARR, EXP]}, route={destinations=[BRI], eu=S, visa=false}, scheduleDateTime=2024-09-24T00:45:00.000+02:00, scheduleDate=2024-09-24, scheduleTime=00:45:00, serviceType=J, terminal=1, schemaVersion=4}, {lastUpdatedAt=2024-09-24T02:48:30.140+02:00, actualLandingTime=2024-09-24T00:56:00.000+02:00, aircraftType={iataMain=737, iataSub=73H}, baggageClaim={belts=[2]}, codeshares={codeshares=[KL3276]}, estimatedLandingTime=2024-09-24T01:17:00.000+02:00, expectedTimeOnBelt=2024-09-24T01:48:30.000+02:00, flightDirection=A, flightName=KL3276, flightNumber=3276, id=140716953456651184, isOperationalFlight=true, mainFlight=HV5618, prefixIATA=KL, prefixICAO=KLM, airlineCode=100, publicFlightState={flightStates=[ARR, EXP]}, route={destinations=[BRI], eu=S, visa=false}, scheduleDateTime=2024-09-24T00:45:00.000+02:00, scheduleDate=2024-09-24, scheduleTime=00:45:00, serviceType=J, terminal=1, schemaVersion=4}, {lastUpdatedAt=2024-09-24T03:21:38.165+02:00, actualLandingTime=2024-09-24T01:05:00.000+02:00, aircraftType={iataMain=737, iataSub=73H}, baggageClaim={belts=[4]}, codeshares={codeshares=[KL2682]}, estimatedLandingTime=2024-09-24T01:21:00.000+02:00, expectedTimeOnBelt=2024-09-24T02:18:50.000+02:00, flightDirection=A, flightName=HV5674, flightNumber=5674, id=140716953078284222, isOperationalFlight=true, mainFlight=HV5674, prefixIATA=HV, prefixICAO=TRA, airlineCode=164, publicFlightState={flightStates=[ARR, EXP]}, route={destinations=[IBZ], eu=S, visa=false}, scheduleDateTime=2024-09-24T01:00:00.000+02:00, scheduleDate=2024-09-24, scheduleTime=01:00:00, serviceType=J, terminal=1, schemaVersion=4}, {lastUpdatedAt=2024-09-24T03:21:38.165+02:00, actualLandingTime=2024-09-24T01:05:00.000+02:00, aircraftType={iataMain=737, iataSub=73H}, baggageClaim={belts=[4]}, codeshares={codeshares=[KL2682]}, estimatedLandingTime=2024-09-24T01:21:00.000+02:00, expectedTimeOnBelt=2024-09-24T02:18:50.000+02:00, flightDirection=A, flightName=KL2682, flightNumber=2682, id=140716953456560896, isOperationalFlight=true, mainFlight=HV5674, prefixIATA=KL, prefixICAO=KLM, airlineCode=100, publicFlightState={flightStates=[ARR, EXP]}, route={destinations=[IBZ], eu=S, visa=false}, scheduleDateTime=2024-09-24T01:00:00.000+02:00, scheduleDate=2024-09-24, scheduleTime=01:00:00, serviceType=J, terminal=1, schemaVersion=4}, {lastUpdatedAt=2024-09-24T02:55:41.139+02:00, actualLandingTime=2024-09-24T00:48:00.000+02:00, aircraftType={iataMain=737, iataSub=7M9}, baggageClaim={belts=[16]}, estimatedLandingTime=2024-09-24T00:53:25.000+02:00, expectedTimeOnBelt=2024-09-24T02:06:42.672+02:00, flightDirection=A, flightName=CD110, flightNumber=110, id=140716951894712082, isOperationalFlight=true, mainFlight=CD110, prefixIATA=CD, prefixICAO=CND, airlineCode=4982, publicFlightState={flightStates=[ARR, EXP]}, route={destinations=[MJT], eu=S, visa=false}, scheduleDateTime=2024-09-24T01:15:00.000+02:00, scheduleDate=2024-09-24, scheduleTime=01:15:00, serviceType=C, terminal=3, schemaVersion=4}, {lastUpdatedAt=2024-09-24T02:59:00.181+02:00, actualLandingTime=2024-09-24T00:48:00.000+02:00, aircraftType={iataMain=737, iataSub=73H}, baggageClaim={belts=[6]}, codeshares={codeshares=[KL2568]}, estimatedLandingTime=2024-09-24T00:55:00.000+02:00, expectedTimeOnBelt=2024-09-24T01:28:39.178+02:00, flightDirection=A, flightName=HV5218, flightNumber=5218, id=140716953078272834, isOperationalFlight=true, mainFlight=HV5218, prefixIATA=HV, prefixICAO=TRA, airlineCode=164, publicFlightState={flightStates=[ARR, EXP]}, route={destinations=[CTA], eu=S, visa=false}, scheduleDateTime=2024-09-24T01:15:00.000+02:00, scheduleDate=2024-09-24, scheduleTime=01:15:00, serviceType=J, terminal=1, schemaVersion=4}]}
Key: lastUpdatedAtValue: 2024-09-24T01:44:28.235+02:00
Key: actualLandingTimeValue: 2024-09-24T00:01:00.000+02:00
Key: aircraftTypeValue: {iataMain=787, iataSub=788}
Key: baggageClaimValue: {belts=[22]}
Key: estimatedLandingTimeValue: 2024-09-24T00:00:00.000+02:00
Key: expectedTimeOnBeltValue: 2024-09-24T00:56:55.785+02:00
Key: flightDirectionValue: A
Key: flightNameValue: OR3057
Key: flightNumberValue: 3057
Key: idValue: 140716954033887150
Key: isOperationalFlightValue: true
Key: mainFlightValue: OR3057
Key: prefixIATAValue: OR
Key: prefixICAOValue: TFL
Key: airlineCodeValue: 231
Key: publicFlightStateValue: {flightStates=[ARR]}
Key: routeValue: {destinations=[DLM, BJV], eu=N, visa=false}
Key: scheduleDateTimeValue: 2024-09-24T00:00:00.000+02:00
Key: scheduleDateValue: 2024-09-24
Key: scheduleTimeValue: 00:00:00
Key: serviceTypeValue: J
Key: terminalValue: 4
Key: schemaVersionValue: 4
Key: lastUpdatedAtValue: 2024-09-24T02:05:00.201+02:00
Key: actualLandingTimeValue: 2024-09-23T23:55:00.000+02:00
Key: aircraftTypeValue: {iataMain=737, iataSub=73H}
Key: baggageClaimValue: {belts=[4]}
Key: codesharesValue: {codeshares=[KL2558]}
Key: estimatedLandingTimeValue: 2024-09-23T23:55:00.000+02:00
Key: expectedTimeOnBeltValue: 2024-09-24T00:32:16.471+02:00
Key: flightDirectionValue: A
Key: flightNameValue: HV6874
Key: flightNumberValue: 6874
Key: idValue: 140716953078391004
Key: isOperationalFlightValue: true
Key: mainFlightValue: HV6874
Key: prefixIATAValue: HV
Key: prefixICAOValue: TRA
Key: airlineCodeValue: 164
Key: publicFlightStateValue: {flightStates=[ARR]}
Key: routeValue: {destinations=[HER], eu=S, visa=false}
Key: scheduleDateTimeValue: 2024-09-24T00:00:00.000+02:00
Key: scheduleDateValue: 2024-09-24
Key: scheduleTimeValue: 00:00:00
Key: serviceTypeValue: J
Key: terminalValue: 1
Key: schemaVersionValue: 4
Key: lastUpdatedAtValue: 2024-09-24T02:05:00.201+02:00
Key: actualLandingTimeValue: 2024-09-23T23:55:00.000+02:00
Key: aircraftTypeValue: {iataMain=737, iataSub=73H}
Key: baggageClaimValue: {belts=[4]}
Key: codesharesValue: {codeshares=[KL2558]}
Key: estimatedLandingTimeValue: 2024-09-23T23:55:00.000+02:00
Key: expectedTimeOnBeltValue: 2024-09-24T00:32:16.471+02:00
Key: flightDirectionValue: A
Key: flightNameValue: KL2558
Key: flightNumberValue: 2558
Key: idValue: 140716953456557948
Key: isOperationalFlightValue: true
Key: mainFlightValue: HV6874
Key: prefixIATAValue: KL
Key: prefixICAOValue: KLM
Key: airlineCodeValue: 100
Key: publicFlightStateValue: {flightStates=[ARR]}
Key: routeValue: {destinations=[HER], eu=S, visa=false}
Key: scheduleDateTimeValue: 2024-09-24T00:00:00.000+02:00
Key: scheduleDateValue: 2024-09-24
Key: scheduleTimeValue: 00:00:00
Key: serviceTypeValue: J
Key: terminalValue: 1
Key: schemaVersionValue: 4
Key: lastUpdatedAtValue: 2024-09-24T01:59:35.144+02:00
Key: actualLandingTimeValue: 2024-09-24T00:20:00.000+02:00
Key: aircraftTypeValue: {iataMain=737, iataSub=73H}
Key: baggageClaimValue: {belts=[4]}
Key: codesharesValue: {codeshares=[KL2606]}
Key: estimatedLandingTimeValue: 2024-09-24T00:25:00.000+02:00
Key: expectedTimeOnBeltValue: 2024-09-24T00:59:35.000+02:00
Key: flightDirectionValue: A
Key: flightNameValue: HV6002
Key: flightNumberValue: 6002
Key: idValue: 140716953078368578
Key: isOperationalFlightValue: true
Key: mainFlightValue: HV6002
Key: prefixIATAValue: HV
Key: prefixICAOValue: TRA
Key: airlineCodeValue: 164
Key: publicFlightStateValue: {flightStates=[ARR, EXP]}
Key: routeValue: {destinations=[OPO], eu=S, visa=false}
Key: scheduleDateTimeValue: 2024-09-24T00:15:00.000+02:00
Key: scheduleDateValue: 2024-09-24
Key: scheduleTimeValue: 00:15:00
Key: serviceTypeValue: J
Key: terminalValue: 1
Key: schemaVersionValue: 4
Key: lastUpdatedAtValue: 2024-09-24T01:59:35.144+02:00
Key: actualLandingTimeValue: 2024-09-24T00:20:00.000+02:00
Key: aircraftTypeValue: {iataMain=737, iataSub=73H}
Key: baggageClaimValue: {belts=[4]}
Key: codesharesValue: {codeshares=[KL2606]}
Key: estimatedLandingTimeValue: 2024-09-24T00:25:00.000+02:00
Key: expectedTimeOnBeltValue: 2024-09-24T00:59:35.000+02:00
Key: flightDirectionValue: A
Key: flightNameValue: KL2606
Key: flightNumberValue: 2606
Key: idValue: 140716953456560312
Key: isOperationalFlightValue: true
Key: mainFlightValue: HV6002
Key: prefixIATAValue: KL
Key: prefixICAOValue: KLM
Key: airlineCodeValue: 100
Key: publicFlightStateValue: {flightStates=[ARR, EXP]}
Key: routeValue: {destinations=[OPO], eu=S, visa=false}
Key: scheduleDateTimeValue: 2024-09-24T00:15:00.000+02:00
Key: scheduleDateValue: 2024-09-24
Key: scheduleTimeValue: 00:15:00
Key: serviceTypeValue: J
Key: terminalValue: 1
Key: schemaVersionValue: 4
Key: lastUpdatedAtValue: 2024-09-24T03:02:58.191+02:00
Key: actualLandingTimeValue: 2024-09-24T01:18:00.000+02:00
Key: aircraftTypeValue: {iataMain=737, iataSub=73H}
Key: baggageClaimValue: {belts=[6]}
Key: estimatedLandingTimeValue: 2024-09-24T01:33:00.000+02:00
Key: expectedTimeOnBeltValue: 2024-09-24T01:58:17.000+02:00
Key: flightDirectionValue: A
Key: flightNameValue: HV5134
Key: flightNumberValue: 5134
Key: idValue: 140716953078270236
Key: isOperationalFlightValue: true
Key: mainFlightValue: HV5134
Key: prefixIATAValue: HV
Key: prefixICAOValue: TRA
Key: airlineCodeValue: 164
Key: publicFlightStateValue: {flightStates=[ARR, EXP]}
Key: routeValue: {destinations=[BCN], eu=S, visa=false}
Key: scheduleDateTimeValue: 2024-09-24T00:15:00.000+02:00
Key: scheduleDateValue: 2024-09-24
Key: scheduleTimeValue: 00:15:00
Key: serviceTypeValue: J
Key: terminalValue: 1
Key: schemaVersionValue: 4
Key: lastUpdatedAtValue: 2024-09-24T02:15:49.144+02:00
Key: actualLandingTimeValue: 2024-09-24T00:12:00.000+02:00
Key: aircraftTypeValue: {iataMain=32S, iataSub=32Q}
Key: baggageClaimValue: {belts=[2]}
Key: estimatedLandingTimeValue: 2024-09-24T00:12:56.000+02:00
Key: expectedTimeOnBeltValue: 2024-09-24T01:10:44.000+02:00
Key: flightDirectionValue: A
Key: flightNameValue: HV5518
Key: flightNumberValue: 5518
Key: idValue: 140716953078281048
Key: isOperationalFlightValue: true
Key: mainFlightValue: HV5518
Key: prefixIATAValue: HV
Key: prefixICAOValue: TRA
Key: airlineCodeValue: 164
Key: publicFlightStateValue: {flightStates=[ARR, EXP]}
Key: routeValue: {destinations=[PFO], eu=E, visa=false}
Key: scheduleDateTimeValue: 2024-09-24T00:25:00.000+02:00
Key: scheduleDateValue: 2024-09-24
Key: scheduleTimeValue: 00:25:00
Key: serviceTypeValue: J
Key: terminalValue: 1
Key: schemaVersionValue: 4
Key: lastUpdatedAtValue: 2024-09-24T03:40:54.278+02:00
Key: actualLandingTimeValue: 2024-09-24T01:27:00.000+02:00
Key: aircraftTypeValue: {iataMain=737, iataSub=73H}
Key: baggageClaimValue: {belts=[2]}
Key: estimatedLandingTimeValue: 2024-09-24T01:39:00.000+02:00
Key: expectedTimeOnBeltValue: 2024-09-24T02:07:23.972+02:00
Key: flightDirectionValue: A
Key: flightNameValue: HV5588
Key: flightNumberValue: 5588
Key: idValue: 140716953078281566
Key: isOperationalFlightValue: true
Key: mainFlightValue: HV5588
Key: prefixIATAValue: HV
Key: prefixICAOValue: TRA
Key: airlineCodeValue: 164
Key: publicFlightStateValue: {flightStates=[ARR, EXP]}
Key: routeValue: {destinations=[NCE], eu=S, visa=false}
Key: scheduleDateTimeValue: 2024-09-24T00:25:00.000+02:00
Key: scheduleDateValue: 2024-09-24
Key: scheduleTimeValue: 00:25:00
Key: serviceTypeValue: J
Key: terminalValue: 1
Key: schemaVersionValue: 4
Key: lastUpdatedAtValue: 2024-09-24T01:03:55.704+02:00
Key: actualOffBlockTimeValue: 2024-09-24T00:50:00.000+02:00
Key: aircraftRegistrationValue: PHCKA
Key: aircraftTypeValue: {iataMain=74F, iataSub=74Y}
Key: flightDirectionValue: D
Key: flightNameValue: MP6121
Key: flightNumberValue: 6121
Key: idValue: 140716953749321101
Key: isOperationalFlightValue: true
Key: mainFlightValue: MP6121
Key: prefixIATAValue: MP
Key: prefixICAOValue: MPH
Key: airlineCodeValue: 122
Key: publicEstimatedOffBlockTimeValue: 2024-09-24T00:30:00.000+02:00
Key: publicFlightStateValue: {flightStates=[DEP]}
Key: routeValue: {destinations=[MIA, BOG], eu=N, visa=false}
Key: scheduleDateTimeValue: 2024-09-24T00:30:00.000+02:00
Key: scheduleDateValue: 2024-09-24
Key: scheduleTimeValue: 00:30:00
Key: serviceTypeValue: F
Key: schemaVersionValue: 4
Key: lastUpdatedAtValue: 2024-09-24T02:01:53.143+02:00
Key: actualLandingTimeValue: 2024-09-24T00:27:00.000+02:00
Key: aircraftTypeValue: {iataMain=737, iataSub=73H}
Key: baggageClaimValue: {belts=[6]}
Key: codesharesValue: {codeshares=[DL7488, KL2574]}
Key: estimatedLandingTimeValue: 2024-09-24T00:21:00.000+02:00
Key: expectedTimeOnBeltValue: 2024-09-24T01:01:53.000+02:00
Key: flightDirectionValue: A
Key: flightNameValue: HV5662
Key: flightNumberValue: 5662
Key: idValue: 140716953078284144
Key: isOperationalFlightValue: true
Key: mainFlightValue: HV5662
Key: prefixIATAValue: HV
Key: prefixICAOValue: TRA
Key: airlineCodeValue: 164
Key: publicFlightStateValue: {flightStates=[ARR]}
Key: routeValue: {destinations=[LPA], eu=S, visa=false}
Key: scheduleDateTimeValue: 2024-09-24T00:30:00.000+02:00
Key: scheduleDateValue: 2024-09-24
Key: scheduleTimeValue: 00:30:00
Key: serviceTypeValue: J
Key: terminalValue: 1
Key: schemaVersionValue: 4
Key: lastUpdatedAtValue: 2024-09-24T02:01:53.143+02:00
Key: actualLandingTimeValue: 2024-09-24T00:27:00.000+02:00
Key: aircraftTypeValue: {iataMain=737, iataSub=73H}
Key: baggageClaimValue: {belts=[6]}
Key: codesharesValue: {codeshares=[DL7488, KL2574]}
Key: estimatedLandingTimeValue: 2024-09-24T00:21:00.000+02:00
Key: expectedTimeOnBeltValue: 2024-09-24T01:01:53.000+02:00
Key: flightDirectionValue: A
Key: flightNameValue: DL7488
Key: flightNumberValue: 7488
Key: idValue: 140716952486246564
Key: isOperationalFlightValue: true
Key: mainFlightValue: HV5662
Key: prefixIATAValue: DL
Key: prefixICAOValue: DAL
Key: airlineCodeValue: 58
Key: publicFlightStateValue: {flightStates=[ARR]}
Key: routeValue: {destinations=[LPA], eu=S, visa=false}
Key: scheduleDateTimeValue: 2024-09-24T00:30:00.000+02:00
Key: scheduleDateValue: 2024-09-24
Key: scheduleTimeValue: 00:30:00
Key: serviceTypeValue: J
Key: terminalValue: 1
Key: schemaVersionValue: 4
Key: lastUpdatedAtValue: 2024-09-24T02:01:53.143+02:00
Key: actualLandingTimeValue: 2024-09-24T00:27:00.000+02:00
Key: aircraftTypeValue: {iataMain=737, iataSub=73H}
Key: baggageClaimValue: {belts=[6]}
Key: codesharesValue: {codeshares=[DL7488, KL2574]}
Key: estimatedLandingTimeValue: 2024-09-24T00:21:00.000+02:00
Key: expectedTimeOnBeltValue: 2024-09-24T01:01:53.000+02:00
Key: flightDirectionValue: A
Key: flightNameValue: KL2574
Key: flightNumberValue: 2574
Key: idValue: 140716953456558088
Key: isOperationalFlightValue: true
Key: mainFlightValue: HV5662
Key: prefixIATAValue: KL
Key: prefixICAOValue: KLM
Key: airlineCodeValue: 100
Key: publicFlightStateValue: {flightStates=[ARR]}
Key: routeValue: {destinations=[LPA], eu=S, visa=false}
Key: scheduleDateTimeValue: 2024-09-24T00:30:00.000+02:00
Key: scheduleDateValue: 2024-09-24
Key: scheduleTimeValue: 00:30:00
Key: serviceTypeValue: J
Key: terminalValue: 1
Key: schemaVersionValue: 4
Key: lastUpdatedAtValue: 2024-09-24T02:48:00.293+02:00
Key: actualLandingTimeValue: 2024-09-24T00:35:00.000+02:00
Key: aircraftTypeValue: {iataMain=32S, iataSub=32Q}
Key: baggageClaimValue: {belts=[2]}
Key: estimatedLandingTimeValue: 2024-09-24T00:30:00.000+02:00
Key: expectedTimeOnBeltValue: 2024-09-24T01:25:51.308+02:00
Key: flightDirectionValue: A
Key: flightNameValue: HV5956
Key: flightNumberValue: 5956
Key: idValue: 140716953078292292
Key: isOperationalFlightValue: true
Key: mainFlightValue: HV5956
Key: prefixIATAValue: HV
Key: prefixICAOValue: TRA
Key: airlineCodeValue: 164
Key: publicFlightStateValue: {flightStates=[ARR]}
Key: routeValue: {destinations=[LIS], eu=S, visa=false}
Key: scheduleDateTimeValue: 2024-09-24T00:35:00.000+02:00
Key: scheduleDateValue: 2024-09-24
Key: scheduleTimeValue: 00:35:00
Key: serviceTypeValue: J
Key: terminalValue: 1
Key: schemaVersionValue: 4
Key: lastUpdatedAtValue: 2024-09-24T03:24:49.141+02:00
Key: actualLandingTimeValue: 2024-09-24T01:35:00.000+02:00
Key: aircraftTypeValue: {iataMain=32S, iataSub=320}
Key: baggageClaimValue: {belts=[20]}
Key: estimatedLandingTimeValue: 2024-09-24T01:34:00.000+02:00
Key: expectedTimeOnBeltValue: 2024-09-24T02:51:46.181+02:00
Key: flightDirectionValue: A
Key: flightNameValue: OR1202
Key: flightNumberValue: 1202
Key: idValue: 140716954033689634
Key: isOperationalFlightValue: true
Key: mainFlightValue: OR1202
Key: prefixIATAValue: OR
Key: prefixICAOValue: TFL
Key: airlineCodeValue: 231
Key: publicFlightStateValue: {flightStates=[ARR, EXP]}
Key: routeValue: {destinations=[RHO], eu=S, visa=false}
Key: scheduleDateTimeValue: 2024-09-24T00:35:00.000+02:00
Key: scheduleDateValue: 2024-09-24
Key: scheduleTimeValue: 00:35:00
Key: serviceTypeValue: J
Key: terminalValue: 4
Key: schemaVersionValue: 4
Key: lastUpdatedAtValue: 2024-09-24T02:48:30.140+02:00
Key: actualLandingTimeValue: 2024-09-24T00:56:00.000+02:00
Key: aircraftTypeValue: {iataMain=737, iataSub=73H}
Key: baggageClaimValue: {belts=[2]}
Key: codesharesValue: {codeshares=[KL3276]}
Key: estimatedLandingTimeValue: 2024-09-24T01:17:00.000+02:00
Key: expectedTimeOnBeltValue: 2024-09-24T01:48:30.000+02:00
Key: flightDirectionValue: A
Key: flightNameValue: HV5618
Key: flightNumberValue: 5618
Key: idValue: 140716953078283786
Key: isOperationalFlightValue: true
Key: mainFlightValue: HV5618
Key: prefixIATAValue: HV
Key: prefixICAOValue: TRA
Key: airlineCodeValue: 164
Key: publicFlightStateValue: {flightStates=[ARR, EXP]}
Key: routeValue: {destinations=[BRI], eu=S, visa=false}
Key: scheduleDateTimeValue: 2024-09-24T00:45:00.000+02:00
Key: scheduleDateValue: 2024-09-24
Key: scheduleTimeValue: 00:45:00
Key: serviceTypeValue: J
Key: terminalValue: 1
Key: schemaVersionValue: 4
Key: lastUpdatedAtValue: 2024-09-24T02:48:30.140+02:00
Key: actualLandingTimeValue: 2024-09-24T00:56:00.000+02:00
Key: aircraftTypeValue: {iataMain=737, iataSub=73H}
Key: baggageClaimValue: {belts=[2]}
Key: codesharesValue: {codeshares=[KL3276]}
Key: estimatedLandingTimeValue: 2024-09-24T01:17:00.000+02:00
Key: expectedTimeOnBeltValue: 2024-09-24T01:48:30.000+02:00
Key: flightDirectionValue: A
Key: flightNameValue: KL3276
Key: flightNumberValue: 3276
Key: idValue: 140716953456651184
Key: isOperationalFlightValue: true
Key: mainFlightValue: HV5618
Key: prefixIATAValue: KL
Key: prefixICAOValue: KLM
Key: airlineCodeValue: 100
Key: publicFlightStateValue: {flightStates=[ARR, EXP]}
Key: routeValue: {destinations=[BRI], eu=S, visa=false}
Key: scheduleDateTimeValue: 2024-09-24T00:45:00.000+02:00
Key: scheduleDateValue: 2024-09-24
Key: scheduleTimeValue: 00:45:00
Key: serviceTypeValue: J
Key: terminalValue: 1
Key: schemaVersionValue: 4
Key: lastUpdatedAtValue: 2024-09-24T03:21:38.165+02:00
Key: actualLandingTimeValue: 2024-09-24T01:05:00.000+02:00
Key: aircraftTypeValue: {iataMain=737, iataSub=73H}
Key: baggageClaimValue: {belts=[4]}
Key: codesharesValue: {codeshares=[KL2682]}
Key: estimatedLandingTimeValue: 2024-09-24T01:21:00.000+02:00
Key: expectedTimeOnBeltValue: 2024-09-24T02:18:50.000+02:00
Key: flightDirectionValue: A
Key: flightNameValue: HV5674
Key: flightNumberValue: 5674
Key: idValue: 140716953078284222
Key: isOperationalFlightValue: true
Key: mainFlightValue: HV5674
Key: prefixIATAValue: HV
Key: prefixICAOValue: TRA
Key: airlineCodeValue: 164
Key: publicFlightStateValue: {flightStates=[ARR, EXP]}
Key: routeValue: {destinations=[IBZ], eu=S, visa=false}
Key: scheduleDateTimeValue: 2024-09-24T01:00:00.000+02:00
Key: scheduleDateValue: 2024-09-24
Key: scheduleTimeValue: 01:00:00
Key: serviceTypeValue: J
Key: terminalValue: 1
Key: schemaVersionValue: 4
Key: lastUpdatedAtValue: 2024-09-24T03:21:38.165+02:00
Key: actualLandingTimeValue: 2024-09-24T01:05:00.000+02:00
Key: aircraftTypeValue: {iataMain=737, iataSub=73H}
Key: baggageClaimValue: {belts=[4]}
Key: codesharesValue: {codeshares=[KL2682]}
Key: estimatedLandingTimeValue: 2024-09-24T01:21:00.000+02:00
Key: expectedTimeOnBeltValue: 2024-09-24T02:18:50.000+02:00
Key: flightDirectionValue: A
Key: flightNameValue: KL2682
Key: flightNumberValue: 2682
Key: idValue: 140716953456560896
Key: isOperationalFlightValue: true
Key: mainFlightValue: HV5674
Key: prefixIATAValue: KL
Key: prefixICAOValue: KLM
Key: airlineCodeValue: 100
Key: publicFlightStateValue: {flightStates=[ARR, EXP]}
Key: routeValue: {destinations=[IBZ], eu=S, visa=false}
Key: scheduleDateTimeValue: 2024-09-24T01:00:00.000+02:00
Key: scheduleDateValue: 2024-09-24
Key: scheduleTimeValue: 01:00:00
Key: serviceTypeValue: J
Key: terminalValue: 1
Key: schemaVersionValue: 4
Key: lastUpdatedAtValue: 2024-09-24T02:55:41.139+02:00
Key: actualLandingTimeValue: 2024-09-24T00:48:00.000+02:00
Key: aircraftTypeValue: {iataMain=737, iataSub=7M9}
Key: baggageClaimValue: {belts=[16]}
Key: estimatedLandingTimeValue: 2024-09-24T00:53:25.000+02:00
Key: expectedTimeOnBeltValue: 2024-09-24T02:06:42.672+02:00
Key: flightDirectionValue: A
Key: flightNameValue: CD110
Key: flightNumberValue: 110
Key: idValue: 140716951894712082
Key: isOperationalFlightValue: true
Key: mainFlightValue: CD110
Key: prefixIATAValue: CD
Key: prefixICAOValue: CND
Key: airlineCodeValue: 4982
Key: publicFlightStateValue: {flightStates=[ARR, EXP]}
Key: routeValue: {destinations=[MJT], eu=S, visa=false}
Key: scheduleDateTimeValue: 2024-09-24T01:15:00.000+02:00
Key: scheduleDateValue: 2024-09-24
Key: scheduleTimeValue: 01:15:00
Key: serviceTypeValue: C
Key: terminalValue: 3
Key: schemaVersionValue: 4
Key: lastUpdatedAtValue: 2024-09-24T02:59:00.181+02:00
Key: actualLandingTimeValue: 2024-09-24T00:48:00.000+02:00
Key: aircraftTypeValue: {iataMain=737, iataSub=73H}
Key: baggageClaimValue: {belts=[6]}
Key: codesharesValue: {codeshares=[KL2568]}
Key: estimatedLandingTimeValue: 2024-09-24T00:55:00.000+02:00
Key: expectedTimeOnBeltValue: 2024-09-24T01:28:39.178+02:00
Key: flightDirectionValue: A
Key: flightNameValue: HV5218
Key: flightNumberValue: 5218
Key: idValue: 140716953078272834
Key: isOperationalFlightValue: true
Key: mainFlightValue: HV5218
Key: prefixIATAValue: HV
Key: prefixICAOValue: TRA
Key: airlineCodeValue: 164
Key: publicFlightStateValue: {flightStates=[ARR, EXP]}
Key: routeValue: {destinations=[CTA], eu=S, visa=false}
Key: scheduleDateTimeValue: 2024-09-24T01:15:00.000+02:00
Key: scheduleDateValue: 2024-09-24
Key: scheduleTimeValue: 01:15:00
Key: serviceTypeValue: J
Key: terminalValue: 1
Key: schemaVersionValue: 4
]]></system-out>
  </testcase>
</testsuite>