<?xml version="1.0" encoding="UTF-8"?>
<testsuite xmlns:xsi="http://www.w3.org/2001/XMLSchema-instance" xsi:noNamespaceSchemaLocation="https://maven.apache.org/surefire/maven-surefire-plugin/xsd/surefire-test-report-3.0.xsd" version="3.0" name="com.appfellas.flightApi.FlightApiApplicationTests" time="3.948" tests="1" errors="0" skipped="0" failures="0">
  <properties>
    <property name="java.specification.version" value="17"/>
    <property name="sun.jnu.encoding" value="UTF-8"/>
    <property name="java.class.path" value="/home/ahmetyalcinkaya/projects/JavaProjects/AppFellasFlightApi/target/test-classes:/home/ahmetyalcinkaya/projects/JavaProjects/AppFellasFlightApi/target/classes:/home/ahmetyalcinkaya/.m2/repository/org/springframework/boot/spring-boot-starter-data-mongodb/3.3.3/spring-boot-starter-data-mongodb-3.3.3.jar:/home/ahmetyalcinkaya/.m2/repository/org/springframework/boot/spring-boot-starter/3.3.3/spring-boot-starter-3.3.3.jar:/home/ahmetyalcinkaya/.m2/repository/org/springframework/boot/spring-boot/3.3.3/spring-boot-3.3.3.jar:/home/ahmetyalcinkaya/.m2/repository/org/springframework/boot/spring-boot-autoconfigure/3.3.3/spring-boot-autoconfigure-3.3.3.jar:/home/ahmetyalcinkaya/.m2/repository/org/springframework/boot/spring-boot-starter-logging/3.3.3/spring-boot-starter-logging-3.3.3.jar:/home/ahmetyalcinkaya/.m2/repository/ch/qos/logback/logback-classic/1.5.7/logback-classic-1.5.7.jar:/home/ahmetyalcinkaya/.m2/repository/ch/qos/logback/logback-core/1.5.7/logback-core-1.5.7.jar:/home/ahmetyalcinkaya/.m2/repository/org/apache/logging/log4j/log4j-to-slf4j/2.23.1/log4j-to-slf4j-2.23.1.jar:/home/ahmetyalcinkaya/.m2/repository/org/apache/logging/log4j/log4j-api/2.23.1/log4j-api-2.23.1.jar:/home/ahmetyalcinkaya/.m2/repository/org/slf4j/jul-to-slf4j/2.0.16/jul-to-slf4j-2.0.16.jar:/home/ahmetyalcinkaya/.m2/repository/jakarta/annotation/jakarta.annotation-api/2.1.1/jakarta.annotation-api-2.1.1.jar:/home/ahmetyalcinkaya/.m2/repository/org/yaml/snakeyaml/2.2/snakeyaml-2.2.jar:/home/ahmetyalcinkaya/.m2/repository/org/mongodb/mongodb-driver-sync/5.0.1/mongodb-driver-sync-5.0.1.jar:/home/ahmetyalcinkaya/.m2/repository/org/mongodb/bson/5.0.1/bson-5.0.1.jar:/home/ahmetyalcinkaya/.m2/repository/org/mongodb/mongodb-driver-core/5.0.1/mongodb-driver-core-5.0.1.jar:/home/ahmetyalcinkaya/.m2/repository/org/mongodb/bson-record-codec/5.0.1/bson-record-codec-5.0.1.jar:/home/ahmetyalcinkaya/.m2/repository/org/springframework/data/spring-data-mongodb/4.3.3/spring-data-mongodb-4.3.3.jar:/home/ahmetyalcinkaya/.m2/repository/org/springframework/spring-tx/6.1.12/spring-tx-6.1.12.jar:/home/ahmetyalcinkaya/.m2/repository/org/springframework/spring-context/6.1.12/spring-context-6.1.12.jar:/home/ahmetyalcinkaya/.m2/repository/org/springframework/spring-beans/6.1.12/spring-beans-6.1.12.jar:/home/ahmetyalcinkaya/.m2/repository/org/springframework/spring-expression/6.1.12/spring-expression-6.1.12.jar:/home/ahmetyalcinkaya/.m2/repository/org/springframework/data/spring-data-commons/3.3.3/spring-data-commons-3.3.3.jar:/home/ahmetyalcinkaya/.m2/repository/org/slf4j/slf4j-api/2.0.16/slf4j-api-2.0.16.jar:/home/ahmetyalcinkaya/.m2/repository/org/springframework/boot/spring-boot-starter-web/3.3.3/spring-boot-starter-web-3.3.3.jar:/home/ahmetyalcinkaya/.m2/repository/org/springframework/boot/spring-boot-starter-json/3.3.3/spring-boot-starter-json-3.3.3.jar:/home/ahmetyalcinkaya/.m2/repository/com/fasterxml/jackson/datatype/jackson-datatype-jdk8/2.17.2/jackson-datatype-jdk8-2.17.2.jar:/home/ahmetyalcinkaya/.m2/repository/com/fasterxml/jackson/datatype/jackson-datatype-jsr310/2.17.2/jackson-datatype-jsr310-2.17.2.jar:/home/ahmetyalcinkaya/.m2/repository/com/fasterxml/jackson/module/jackson-module-parameter-names/2.17.2/jackson-module-parameter-names-2.17.2.jar:/home/ahmetyalcinkaya/.m2/repository/org/springframework/boot/spring-boot-starter-tomcat/3.3.3/spring-boot-starter-tomcat-3.3.3.jar:/home/ahmetyalcinkaya/.m2/repository/org/apache/tomcat/embed/tomcat-embed-core/10.1.28/tomcat-embed-core-10.1.28.jar:/home/ahmetyalcinkaya/.m2/repository/org/apache/tomcat/embed/tomcat-embed-websocket/10.1.28/tomcat-embed-websocket-10.1.28.jar:/home/ahmetyalcinkaya/.m2/repository/org/springframework/spring-web/6.1.12/spring-web-6.1.12.jar:/home/ahmetyalcinkaya/.m2/repository/io/micrometer/micrometer-observation/1.13.3/micrometer-observation-1.13.3.jar:/home/ahmetyalcinkaya/.m2/repository/io/micrometer/micrometer-commons/1.13.3/micrometer-commons-1.13.3.jar:/home/ahmetyalcinkaya/.m2/repository/org/springframework/spring-webmvc/6.1.12/spring-webmvc-6.1.12.jar:/home/ahmetyalcinkaya/.m2/repository/org/springframework/boot/spring-boot-starter-validation/3.3.3/spring-boot-starter-validation-3.3.3.jar:/home/ahmetyalcinkaya/.m2/repository/org/apache/tomcat/embed/tomcat-embed-el/10.1.28/tomcat-embed-el-10.1.28.jar:/home/ahmetyalcinkaya/.m2/repository/org/hibernate/validator/hibernate-validator/8.0.1.Final/hibernate-validator-8.0.1.Final.jar:/home/ahmetyalcinkaya/.m2/repository/jakarta/validation/jakarta.validation-api/3.0.2/jakarta.validation-api-3.0.2.jar:/home/ahmetyalcinkaya/.m2/repository/org/jboss/logging/jboss-logging/3.5.3.Final/jboss-logging-3.5.3.Final.jar:/home/ahmetyalcinkaya/.m2/repository/com/fasterxml/classmate/1.7.0/classmate-1.7.0.jar:/home/ahmetyalcinkaya/.m2/repository/org/springframework/boot/spring-boot-starter-security/3.3.3/spring-boot-starter-security-3.3.3.jar:/home/ahmetyalcinkaya/.m2/repository/org/springframework/spring-aop/6.1.12/spring-aop-6.1.12.jar:/home/ahmetyalcinkaya/.m2/repository/org/springframework/security/spring-security-config/6.3.3/spring-security-config-6.3.3.jar:/home/ahmetyalcinkaya/.m2/repository/org/springframework/security/spring-security-web/6.3.3/spring-security-web-6.3.3.jar:/home/ahmetyalcinkaya/.m2/repository/io/jsonwebtoken/jjwt/0.9.1/jjwt-0.9.1.jar:/home/ahmetyalcinkaya/.m2/repository/com/fasterxml/jackson/core/jackson-databind/2.17.2/jackson-databind-2.17.2.jar:/home/ahmetyalcinkaya/.m2/repository/com/fasterxml/jackson/core/jackson-annotations/2.17.2/jackson-annotations-2.17.2.jar:/home/ahmetyalcinkaya/.m2/repository/com/fasterxml/jackson/core/jackson-core/2.17.2/jackson-core-2.17.2.jar:/home/ahmetyalcinkaya/.m2/repository/org/apache/commons/commons-lang3/3.14.0/commons-lang3-3.14.0.jar:/home/ahmetyalcinkaya/.m2/repository/org/springframework/boot/spring-boot-starter-test/3.3.3/spring-boot-starter-test-3.3.3.jar:/home/ahmetyalcinkaya/.m2/repository/org/springframework/boot/spring-boot-test/3.3.3/spring-boot-test-3.3.3.jar:/home/ahmetyalcinkaya/.m2/repository/org/springframework/boot/spring-boot-test-autoconfigure/3.3.3/spring-boot-test-autoconfigure-3.3.3.jar:/home/ahmetyalcinkaya/.m2/repository/com/jayway/jsonpath/json-path/2.9.0/json-path-2.9.0.jar:/home/ahmetyalcinkaya/.m2/repository/jakarta/xml/bind/jakarta.xml.bind-api/4.0.2/jakarta.xml.bind-api-4.0.2.jar:/home/ahmetyalcinkaya/.m2/repository/jakarta/activation/jakarta.activation-api/2.1.3/jakarta.activation-api-2.1.3.jar:/home/ahmetyalcinkaya/.m2/repository/net/minidev/json-smart/2.5.1/json-smart-2.5.1.jar:/home/ahmetyalcinkaya/.m2/repository/net/minidev/accessors-smart/2.5.1/accessors-smart-2.5.1.jar:/home/ahmetyalcinkaya/.m2/repository/org/ow2/asm/asm/9.6/asm-9.6.jar:/home/ahmetyalcinkaya/.m2/repository/org/assertj/assertj-core/3.25.3/assertj-core-3.25.3.jar:/home/ahmetyalcinkaya/.m2/repository/net/bytebuddy/byte-buddy/1.14.19/byte-buddy-1.14.19.jar:/home/ahmetyalcinkaya/.m2/repository/org/awaitility/awaitility/4.2.2/awaitility-4.2.2.jar:/home/ahmetyalcinkaya/.m2/repository/org/hamcrest/hamcrest/2.2/hamcrest-2.2.jar:/home/ahmetyalcinkaya/.m2/repository/org/junit/jupiter/junit-jupiter/5.10.3/junit-jupiter-5.10.3.jar:/home/ahmetyalcinkaya/.m2/repository/org/junit/jupiter/junit-jupiter-api/5.10.3/junit-jupiter-api-5.10.3.jar:/home/ahmetyalcinkaya/.m2/repository/org/opentest4j/opentest4j/1.3.0/opentest4j-1.3.0.jar:/home/ahmetyalcinkaya/.m2/repository/org/junit/platform/junit-platform-commons/1.10.3/junit-platform-commons-1.10.3.jar:/home/ahmetyalcinkaya/.m2/repository/org/apiguardian/apiguardian-api/1.1.2/apiguardian-api-1.1.2.jar:/home/ahmetyalcinkaya/.m2/repository/org/junit/jupiter/junit-jupiter-params/5.10.3/junit-jupiter-params-5.10.3.jar:/home/ahmetyalcinkaya/.m2/repository/org/junit/jupiter/junit-jupiter-engine/5.10.3/junit-jupiter-engine-5.10.3.jar:/home/ahmetyalcinkaya/.m2/repository/org/junit/platform/junit-platform-engine/1.10.3/junit-platform-engine-1.10.3.jar:/home/ahmetyalcinkaya/.m2/repository/org/mockito/mockito-core/5.11.0/mockito-core-5.11.0.jar:/home/ahmetyalcinkaya/.m2/repository/net/bytebuddy/byte-buddy-agent/1.14.19/byte-buddy-agent-1.14.19.jar:/home/ahmetyalcinkaya/.m2/repository/org/objenesis/objenesis/3.3/objenesis-3.3.jar:/home/ahmetyalcinkaya/.m2/repository/org/mockito/mockito-junit-jupiter/5.11.0/mockito-junit-jupiter-5.11.0.jar:/home/ahmetyalcinkaya/.m2/repository/org/skyscreamer/jsonassert/1.5.3/jsonassert-1.5.3.jar:/home/ahmetyalcinkaya/.m2/repository/com/vaadin/external/google/android-json/0.0.20131108.vaadin1/android-json-0.0.20131108.vaadin1.jar:/home/ahmetyalcinkaya/.m2/repository/org/springframework/spring-core/6.1.12/spring-core-6.1.12.jar:/home/ahmetyalcinkaya/.m2/repository/org/springframework/spring-jcl/6.1.12/spring-jcl-6.1.12.jar:/home/ahmetyalcinkaya/.m2/repository/org/springframework/spring-test/6.1.12/spring-test-6.1.12.jar:/home/ahmetyalcinkaya/.m2/repository/org/xmlunit/xmlunit-core/2.9.1/xmlunit-core-2.9.1.jar:/home/ahmetyalcinkaya/.m2/repository/org/springframework/security/spring-security-test/6.3.3/spring-security-test-6.3.3.jar:/home/ahmetyalcinkaya/.m2/repository/org/springframework/security/spring-security-core/6.3.3/spring-security-core-6.3.3.jar:/home/ahmetyalcinkaya/.m2/repository/org/springframework/security/spring-security-crypto/6.3.3/spring-security-crypto-6.3.3.jar:"/>
    <property name="java.vm.vendor" value="Ubuntu"/>
    <property name="sun.arch.data.model" value="64"/>
    <property name="java.vendor.url" value="https://ubuntu.com/"/>
    <property name="user.timezone" value="Europe/Istanbul"/>
    <property name="org.jboss.logging.provider" value="slf4j"/>
    <property name="os.name" value="Linux"/>
    <property name="java.vm.specification.version" value="17"/>
    <property name="sun.java.launcher" value="SUN_STANDARD"/>
    <property name="user.country" value="US"/>
    <property name="sun.boot.library.path" value="/usr/lib/jvm/java-17-openjdk-amd64/lib"/>
    <property name="sun.java.command" value="/home/ahmetyalcinkaya/projects/JavaProjects/AppFellasFlightApi/target/surefire/surefirebooter-20240921151111376_3.jar /home/ahmetyalcinkaya/projects/JavaProjects/AppFellasFlightApi/target/surefire 2024-09-21T15-11-11_288-jvmRun1 surefire-20240921151111376_1tmp surefire_0-20240921151111376_2tmp"/>
    <property name="jdk.debug" value="release"/>
    <property name="surefire.test.class.path" value="/home/ahmetyalcinkaya/projects/JavaProjects/AppFellasFlightApi/target/test-classes:/home/ahmetyalcinkaya/projects/JavaProjects/AppFellasFlightApi/target/classes:/home/ahmetyalcinkaya/.m2/repository/org/springframework/boot/spring-boot-starter-data-mongodb/3.3.3/spring-boot-starter-data-mongodb-3.3.3.jar:/home/ahmetyalcinkaya/.m2/repository/org/springframework/boot/spring-boot-starter/3.3.3/spring-boot-starter-3.3.3.jar:/home/ahmetyalcinkaya/.m2/repository/org/springframework/boot/spring-boot/3.3.3/spring-boot-3.3.3.jar:/home/ahmetyalcinkaya/.m2/repository/org/springframework/boot/spring-boot-autoconfigure/3.3.3/spring-boot-autoconfigure-3.3.3.jar:/home/ahmetyalcinkaya/.m2/repository/org/springframework/boot/spring-boot-starter-logging/3.3.3/spring-boot-starter-logging-3.3.3.jar:/home/ahmetyalcinkaya/.m2/repository/ch/qos/logback/logback-classic/1.5.7/logback-classic-1.5.7.jar:/home/ahmetyalcinkaya/.m2/repository/ch/qos/logback/logback-core/1.5.7/logback-core-1.5.7.jar:/home/ahmetyalcinkaya/.m2/repository/org/apache/logging/log4j/log4j-to-slf4j/2.23.1/log4j-to-slf4j-2.23.1.jar:/home/ahmetyalcinkaya/.m2/repository/org/apache/logging/log4j/log4j-api/2.23.1/log4j-api-2.23.1.jar:/home/ahmetyalcinkaya/.m2/repository/org/slf4j/jul-to-slf4j/2.0.16/jul-to-slf4j-2.0.16.jar:/home/ahmetyalcinkaya/.m2/repository/jakarta/annotation/jakarta.annotation-api/2.1.1/jakarta.annotation-api-2.1.1.jar:/home/ahmetyalcinkaya/.m2/repository/org/yaml/snakeyaml/2.2/snakeyaml-2.2.jar:/home/ahmetyalcinkaya/.m2/repository/org/mongodb/mongodb-driver-sync/5.0.1/mongodb-driver-sync-5.0.1.jar:/home/ahmetyalcinkaya/.m2/repository/org/mongodb/bson/5.0.1/bson-5.0.1.jar:/home/ahmetyalcinkaya/.m2/repository/org/mongodb/mongodb-driver-core/5.0.1/mongodb-driver-core-5.0.1.jar:/home/ahmetyalcinkaya/.m2/repository/org/mongodb/bson-record-codec/5.0.1/bson-record-codec-5.0.1.jar:/home/ahmetyalcinkaya/.m2/repository/org/springframework/data/spring-data-mongodb/4.3.3/spring-data-mongodb-4.3.3.jar:/home/ahmetyalcinkaya/.m2/repository/org/springframework/spring-tx/6.1.12/spring-tx-6.1.12.jar:/home/ahmetyalcinkaya/.m2/repository/org/springframework/spring-context/6.1.12/spring-context-6.1.12.jar:/home/ahmetyalcinkaya/.m2/repository/org/springframework/spring-beans/6.1.12/spring-beans-6.1.12.jar:/home/ahmetyalcinkaya/.m2/repository/org/springframework/spring-expression/6.1.12/spring-expression-6.1.12.jar:/home/ahmetyalcinkaya/.m2/repository/org/springframework/data/spring-data-commons/3.3.3/spring-data-commons-3.3.3.jar:/home/ahmetyalcinkaya/.m2/repository/org/slf4j/slf4j-api/2.0.16/slf4j-api-2.0.16.jar:/home/ahmetyalcinkaya/.m2/repository/org/springframework/boot/spring-boot-starter-web/3.3.3/spring-boot-starter-web-3.3.3.jar:/home/ahmetyalcinkaya/.m2/repository/org/springframework/boot/spring-boot-starter-json/3.3.3/spring-boot-starter-json-3.3.3.jar:/home/ahmetyalcinkaya/.m2/repository/com/fasterxml/jackson/datatype/jackson-datatype-jdk8/2.17.2/jackson-datatype-jdk8-2.17.2.jar:/home/ahmetyalcinkaya/.m2/repository/com/fasterxml/jackson/datatype/jackson-datatype-jsr310/2.17.2/jackson-datatype-jsr310-2.17.2.jar:/home/ahmetyalcinkaya/.m2/repository/com/fasterxml/jackson/module/jackson-module-parameter-names/2.17.2/jackson-module-parameter-names-2.17.2.jar:/home/ahmetyalcinkaya/.m2/repository/org/springframework/boot/spring-boot-starter-tomcat/3.3.3/spring-boot-starter-tomcat-3.3.3.jar:/home/ahmetyalcinkaya/.m2/repository/org/apache/tomcat/embed/tomcat-embed-core/10.1.28/tomcat-embed-core-10.1.28.jar:/home/ahmetyalcinkaya/.m2/repository/org/apache/tomcat/embed/tomcat-embed-websocket/10.1.28/tomcat-embed-websocket-10.1.28.jar:/home/ahmetyalcinkaya/.m2/repository/org/springframework/spring-web/6.1.12/spring-web-6.1.12.jar:/home/ahmetyalcinkaya/.m2/repository/io/micrometer/micrometer-observation/1.13.3/micrometer-observation-1.13.3.jar:/home/ahmetyalcinkaya/.m2/repository/io/micrometer/micrometer-commons/1.13.3/micrometer-commons-1.13.3.jar:/home/ahmetyalcinkaya/.m2/repository/org/springframework/spring-webmvc/6.1.12/spring-webmvc-6.1.12.jar:/home/ahmetyalcinkaya/.m2/repository/org/springframework/boot/spring-boot-starter-validation/3.3.3/spring-boot-starter-validation-3.3.3.jar:/home/ahmetyalcinkaya/.m2/repository/org/apache/tomcat/embed/tomcat-embed-el/10.1.28/tomcat-embed-el-10.1.28.jar:/home/ahmetyalcinkaya/.m2/repository/org/hibernate/validator/hibernate-validator/8.0.1.Final/hibernate-validator-8.0.1.Final.jar:/home/ahmetyalcinkaya/.m2/repository/jakarta/validation/jakarta.validation-api/3.0.2/jakarta.validation-api-3.0.2.jar:/home/ahmetyalcinkaya/.m2/repository/org/jboss/logging/jboss-logging/3.5.3.Final/jboss-logging-3.5.3.Final.jar:/home/ahmetyalcinkaya/.m2/repository/com/fasterxml/classmate/1.7.0/classmate-1.7.0.jar:/home/ahmetyalcinkaya/.m2/repository/org/springframework/boot/spring-boot-starter-security/3.3.3/spring-boot-starter-security-3.3.3.jar:/home/ahmetyalcinkaya/.m2/repository/org/springframework/spring-aop/6.1.12/spring-aop-6.1.12.jar:/home/ahmetyalcinkaya/.m2/repository/org/springframework/security/spring-security-config/6.3.3/spring-security-config-6.3.3.jar:/home/ahmetyalcinkaya/.m2/repository/org/springframework/security/spring-security-web/6.3.3/spring-security-web-6.3.3.jar:/home/ahmetyalcinkaya/.m2/repository/io/jsonwebtoken/jjwt/0.9.1/jjwt-0.9.1.jar:/home/ahmetyalcinkaya/.m2/repository/com/fasterxml/jackson/core/jackson-databind/2.17.2/jackson-databind-2.17.2.jar:/home/ahmetyalcinkaya/.m2/repository/com/fasterxml/jackson/core/jackson-annotations/2.17.2/jackson-annotations-2.17.2.jar:/home/ahmetyalcinkaya/.m2/repository/com/fasterxml/jackson/core/jackson-core/2.17.2/jackson-core-2.17.2.jar:/home/ahmetyalcinkaya/.m2/repository/org/apache/commons/commons-lang3/3.14.0/commons-lang3-3.14.0.jar:/home/ahmetyalcinkaya/.m2/repository/org/springframework/boot/spring-boot-starter-test/3.3.3/spring-boot-starter-test-3.3.3.jar:/home/ahmetyalcinkaya/.m2/repository/org/springframework/boot/spring-boot-test/3.3.3/spring-boot-test-3.3.3.jar:/home/ahmetyalcinkaya/.m2/repository/org/springframework/boot/spring-boot-test-autoconfigure/3.3.3/spring-boot-test-autoconfigure-3.3.3.jar:/home/ahmetyalcinkaya/.m2/repository/com/jayway/jsonpath/json-path/2.9.0/json-path-2.9.0.jar:/home/ahmetyalcinkaya/.m2/repository/jakarta/xml/bind/jakarta.xml.bind-api/4.0.2/jakarta.xml.bind-api-4.0.2.jar:/home/ahmetyalcinkaya/.m2/repository/jakarta/activation/jakarta.activation-api/2.1.3/jakarta.activation-api-2.1.3.jar:/home/ahmetyalcinkaya/.m2/repository/net/minidev/json-smart/2.5.1/json-smart-2.5.1.jar:/home/ahmetyalcinkaya/.m2/repository/net/minidev/accessors-smart/2.5.1/accessors-smart-2.5.1.jar:/home/ahmetyalcinkaya/.m2/repository/org/ow2/asm/asm/9.6/asm-9.6.jar:/home/ahmetyalcinkaya/.m2/repository/org/assertj/assertj-core/3.25.3/assertj-core-3.25.3.jar:/home/ahmetyalcinkaya/.m2/repository/net/bytebuddy/byte-buddy/1.14.19/byte-buddy-1.14.19.jar:/home/ahmetyalcinkaya/.m2/repository/org/awaitility/awaitility/4.2.2/awaitility-4.2.2.jar:/home/ahmetyalcinkaya/.m2/repository/org/hamcrest/hamcrest/2.2/hamcrest-2.2.jar:/home/ahmetyalcinkaya/.m2/repository/org/junit/jupiter/junit-jupiter/5.10.3/junit-jupiter-5.10.3.jar:/home/ahmetyalcinkaya/.m2/repository/org/junit/jupiter/junit-jupiter-api/5.10.3/junit-jupiter-api-5.10.3.jar:/home/ahmetyalcinkaya/.m2/repository/org/opentest4j/opentest4j/1.3.0/opentest4j-1.3.0.jar:/home/ahmetyalcinkaya/.m2/repository/org/junit/platform/junit-platform-commons/1.10.3/junit-platform-commons-1.10.3.jar:/home/ahmetyalcinkaya/.m2/repository/org/apiguardian/apiguardian-api/1.1.2/apiguardian-api-1.1.2.jar:/home/ahmetyalcinkaya/.m2/repository/org/junit/jupiter/junit-jupiter-params/5.10.3/junit-jupiter-params-5.10.3.jar:/home/ahmetyalcinkaya/.m2/repository/org/junit/jupiter/junit-jupiter-engine/5.10.3/junit-jupiter-engine-5.10.3.jar:/home/ahmetyalcinkaya/.m2/repository/org/junit/platform/junit-platform-engine/1.10.3/junit-platform-engine-1.10.3.jar:/home/ahmetyalcinkaya/.m2/repository/org/mockito/mockito-core/5.11.0/mockito-core-5.11.0.jar:/home/ahmetyalcinkaya/.m2/repository/net/bytebuddy/byte-buddy-agent/1.14.19/byte-buddy-agent-1.14.19.jar:/home/ahmetyalcinkaya/.m2/repository/org/objenesis/objenesis/3.3/objenesis-3.3.jar:/home/ahmetyalcinkaya/.m2/repository/org/mockito/mockito-junit-jupiter/5.11.0/mockito-junit-jupiter-5.11.0.jar:/home/ahmetyalcinkaya/.m2/repository/org/skyscreamer/jsonassert/1.5.3/jsonassert-1.5.3.jar:/home/ahmetyalcinkaya/.m2/repository/com/vaadin/external/google/android-json/0.0.20131108.vaadin1/android-json-0.0.20131108.vaadin1.jar:/home/ahmetyalcinkaya/.m2/repository/org/springframework/spring-core/6.1.12/spring-core-6.1.12.jar:/home/ahmetyalcinkaya/.m2/repository/org/springframework/spring-jcl/6.1.12/spring-jcl-6.1.12.jar:/home/ahmetyalcinkaya/.m2/repository/org/springframework/spring-test/6.1.12/spring-test-6.1.12.jar:/home/ahmetyalcinkaya/.m2/repository/org/xmlunit/xmlunit-core/2.9.1/xmlunit-core-2.9.1.jar:/home/ahmetyalcinkaya/.m2/repository/org/springframework/security/spring-security-test/6.3.3/spring-security-test-6.3.3.jar:/home/ahmetyalcinkaya/.m2/repository/org/springframework/security/spring-security-core/6.3.3/spring-security-core-6.3.3.jar:/home/ahmetyalcinkaya/.m2/repository/org/springframework/security/spring-security-crypto/6.3.3/spring-security-crypto-6.3.3.jar:"/>
    <property name="sun.cpu.endian" value="little"/>
    <property name="user.home" value="/home/ahmetyalcinkaya"/>
    <property name="user.language" value="en"/>
    <property name="java.specification.vendor" value="Oracle Corporation"/>
    <property name="java.version.date" value="2024-07-16"/>
    <property name="java.home" value="/usr/lib/jvm/java-17-openjdk-amd64"/>
    <property name="file.separator" value="/"/>
    <property name="basedir" value="/home/ahmetyalcinkaya/projects/JavaProjects/AppFellasFlightApi"/>
    <property name="java.vm.compressedOopsMode" value="Zero based"/>
    <property name="line.separator" value="&#10;"/>
    <property name="java.specification.name" value="Java Platform API Specification"/>
    <property name="java.vm.specification.vendor" value="Oracle Corporation"/>
    <property name="FILE_LOG_CHARSET" value="UTF-8"/>
    <property name="java.awt.headless" value="true"/>
    <property name="surefire.real.class.path" value="/home/ahmetyalcinkaya/projects/JavaProjects/AppFellasFlightApi/target/surefire/surefirebooter-20240921151111376_3.jar"/>
    <property name="sun.management.compiler" value="HotSpot 64-Bit Tiered Compilers"/>
    <property name="java.runtime.version" value="17.0.12+7-Ubuntu-1ubuntu224.04"/>
    <property name="user.name" value="ahmetyalcinkaya"/>
    <property name="path.separator" value=":"/>
    <property name="os.version" value="6.8.0-45-generic"/>
    <property name="java.runtime.name" value="OpenJDK Runtime Environment"/>
    <property name="file.encoding" value="UTF-8"/>
    <property name="java.vm.name" value="OpenJDK 64-Bit Server VM"/>
    <property name="localRepository" value="/home/ahmetyalcinkaya/.m2/repository"/>
    <property name="java.vendor.url.bug" value="https://bugs.launchpad.net/ubuntu/+source/openjdk-17"/>
    <property name="java.io.tmpdir" value="/tmp"/>
    <property name="idea.version" value="2024.2.1"/>
    <property name="java.version" value="17.0.12"/>
    <property name="user.dir" value="/home/ahmetyalcinkaya/projects/JavaProjects/AppFellasFlightApi"/>
    <property name="os.arch" value="amd64"/>
    <property name="java.vm.specification.name" value="Java Virtual Machine Specification"/>
    <property name="PID" value="17510"/>
    <property name="CONSOLE_LOG_CHARSET" value="UTF-8"/>
    <property name="native.encoding" value="UTF-8"/>
    <property name="java.library.path" value="/usr/java/packages/lib:/usr/lib/x86_64-linux-gnu/jni:/lib/x86_64-linux-gnu:/usr/lib/x86_64-linux-gnu:/usr/lib/jni:/lib:/usr/lib"/>
    <property name="java.vm.info" value="mixed mode, sharing"/>
    <property name="java.vendor" value="Ubuntu"/>
    <property name="java.vm.version" value="17.0.12+7-Ubuntu-1ubuntu224.04"/>
    <property name="sun.io.unicode.encoding" value="UnicodeLittle"/>
    <property name="java.class.version" value="61.0"/>
    <property name="LOGGED_APPLICATION_NAME" value="[AppFellas Flight API] "/>
  </properties>
  <testcase name="contextLoads" classname="com.appfellas.flightApi.FlightApiApplicationTests" time="0.496">
    <system-out><![CDATA[15:11:11.850 [main] INFO org.springframework.test.context.support.AnnotationConfigContextLoaderUtils -- Could not detect default configuration classes for test class [com.appfellas.flightApi.FlightApiApplicationTests]: FlightApiApplicationTests does not declare any static, non-private, non-final, nested classes annotated with @Configuration.
15:11:11.912 [main] INFO org.springframework.boot.test.context.SpringBootTestContextBootstrapper -- Found @SpringBootConfiguration com.appfellas.flightApi.FlightApiApplication for test class com.appfellas.flightApi.FlightApiApplicationTests

  .   ____          _            __ _ _
 /\\ / ___'_ __ _ _(_)_ __  __ _ \ \ \ \
( ( )\___ | '_ | '_| | '_ \/ _` | \ \ \ \
 \\/  ___)| |_)| | | | | || (_| |  ) ) ) )
  '  |____| .__|_| |_|_| |_\__, | / / / /
 =========|_|==============|___/=/_/_/_/

 :: Spring Boot ::                (v3.3.3)

2024-09-21T15:11:12.156+03:00  INFO 17510 --- [AppFellas Flight API] [           main] c.a.flightApi.FlightApiApplicationTests  : Starting FlightApiApplicationTests using Java 17.0.12 with PID 17510 (started by ahmetyalcinkaya in /home/ahmetyalcinkaya/projects/JavaProjects/AppFellasFlightApi)
2024-09-21T15:11:12.157+03:00  INFO 17510 --- [AppFellas Flight API] [           main] c.a.flightApi.FlightApiApplicationTests  : No active profile set, falling back to 1 default profile: "default"
2024-09-21T15:11:12.628+03:00  INFO 17510 --- [AppFellas Flight API] [           main] .s.d.r.c.RepositoryConfigurationDelegate : Bootstrapping Spring Data MongoDB repositories in DEFAULT mode.
2024-09-21T15:11:12.675+03:00  INFO 17510 --- [AppFellas Flight API] [           main] .s.d.r.c.RepositoryConfigurationDelegate : Finished Spring Data repository scanning in 44 ms. Found 4 MongoDB repository interfaces.
2024-09-21T15:11:13.008+03:00  INFO 17510 --- [AppFellas Flight API] [           main] org.mongodb.driver.client                : MongoClient with metadata {"driver": {"name": "mongo-java-driver|sync|spring-boot", "version": "5.0.1"}, "os": {"type": "Linux", "name": "Linux", "architecture": "amd64", "version": "6.8.0-45-generic"}, "platform": "Java/Ubuntu/17.0.12+7-Ubuntu-1ubuntu224.04"} created with settings MongoClientSettings{readPreference=primary, writeConcern=WriteConcern{w=null, wTimeout=null ms, journal=null}, retryWrites=true, retryReads=true, readConcern=ReadConcern{level=null}, credential=null, transportSettings=null, commandListeners=[], codecRegistry=ProvidersCodecRegistry{codecProviders=[ValueCodecProvider{}, BsonValueCodecProvider{}, DBRefCodecProvider{}, DBObjectCodecProvider{}, DocumentCodecProvider{}, CollectionCodecProvider{}, IterableCodecProvider{}, MapCodecProvider{}, GeoJsonCodecProvider{}, GridFSFileCodecProvider{}, Jsr310CodecProvider{}, JsonObjectCodecProvider{}, BsonCodecProvider{}, EnumCodecProvider{}, com.mongodb.client.model.mql.ExpressionCodecProvider@18d11527, com.mongodb.Jep395RecordCodecProvider@4998e74b, com.mongodb.KotlinCodecProvider@5d878b25]}, loggerSettings=LoggerSettings{maxDocumentLength=1000}, clusterSettings={hosts=[localhost:27017], srvServiceName=mongodb, mode=SINGLE, requiredClusterType=UNKNOWN, requiredReplicaSetName='null', serverSelector='null', clusterListeners='[]', serverSelectionTimeout='30000 ms', localThreshold='15 ms'}, socketSettings=SocketSettings{connectTimeoutMS=10000, readTimeoutMS=0, receiveBufferSize=0, proxySettings=ProxySettings{host=null, port=null, username=null, password=null}}, heartbeatSocketSettings=SocketSettings{connectTimeoutMS=10000, readTimeoutMS=10000, receiveBufferSize=0, proxySettings=ProxySettings{host=null, port=null, username=null, password=null}}, connectionPoolSettings=ConnectionPoolSettings{maxSize=100, minSize=0, maxWaitTimeMS=120000, maxConnectionLifeTimeMS=0, maxConnectionIdleTimeMS=0, maintenanceInitialDelayMS=0, maintenanceFrequencyMS=60000, connectionPoolListeners=[], maxConnecting=2}, serverSettings=ServerSettings{heartbeatFrequencyMS=10000, minHeartbeatFrequencyMS=500, serverListeners='[]', serverMonitorListeners='[]'}, sslSettings=SslSettings{enabled=false, invalidHostNameAllowed=false, context=null}, applicationName='null', compressorList=[], uuidRepresentation=JAVA_LEGACY, serverApi=null, autoEncryptionSettings=null, dnsClient=null, inetAddressResolver=null, contextProvider=null}
2024-09-21T15:11:13.028+03:00  INFO 17510 --- [AppFellas Flight API] [localhost:27017] org.mongodb.driver.cluster               : Monitor thread successfully connected to server with description ServerDescription{address=localhost:27017, type=STANDALONE, state=CONNECTED, ok=true, minWireVersion=0, maxWireVersion=21, maxDocumentSize=16777216, logicalSessionTimeoutMinutes=30, roundTripTimeNanos=12682367}
2024-09-21T15:11:14.256+03:00  INFO 17510 --- [AppFellas Flight API] [           main] c.a.flightApi.FlightApiApplicationTests  : Started FlightApiApplicationTests in 2.26 seconds (process running for 2.828)
2024-09-21T15:11:14.330+03:00  INFO 17510 --- [AppFellas Flight API] [           main] c.appfellas.flightApi.config.AppConfig   : TK -> Airline has been added!
2024-09-21T15:11:14.334+03:00  INFO 17510 --- [AppFellas Flight API] [           main] c.appfellas.flightApi.config.AppConfig   : LH -> Airline has been added!
2024-09-21T15:11:14.338+03:00  INFO 17510 --- [AppFellas Flight API] [           main] c.appfellas.flightApi.config.AppConfig   : EK -> Airline has been added!
2024-09-21T15:11:14.341+03:00  INFO 17510 --- [AppFellas Flight API] [           main] c.appfellas.flightApi.config.AppConfig   : QR -> Airline has been added!
2024-09-21T15:11:14.345+03:00  INFO 17510 --- [AppFellas Flight API] [           main] c.appfellas.flightApi.config.AppConfig   : AA -> Airline has been added!
2024-09-21T15:11:14.349+03:00  INFO 17510 --- [AppFellas Flight API] [           main] c.appfellas.flightApi.config.AppConfig   : BA -> Airline has been added!
2024-09-21T15:11:14.353+03:00  INFO 17510 --- [AppFellas Flight API] [           main] c.appfellas.flightApi.config.AppConfig   : AF -> Airline has been added!
2024-09-21T15:11:14.357+03:00  INFO 17510 --- [AppFellas Flight API] [           main] c.appfellas.flightApi.config.AppConfig   : KL -> Airline has been added!
2024-09-21T15:11:14.361+03:00  INFO 17510 --- [AppFellas Flight API] [           main] c.appfellas.flightApi.config.AppConfig   : SQ -> Airline has been added!
2024-09-21T15:11:14.364+03:00  INFO 17510 --- [AppFellas Flight API] [           main] c.appfellas.flightApi.config.AppConfig   : LX -> Airline has been added!
2024-09-21T15:11:14.368+03:00  INFO 17510 --- [AppFellas Flight API] [           main] c.appfellas.flightApi.config.AppConfig   : JL -> Airline has been added!
2024-09-21T15:11:14.372+03:00  INFO 17510 --- [AppFellas Flight API] [           main] c.appfellas.flightApi.config.AppConfig   : DL -> Airline has been added!
2024-09-21T15:11:14.375+03:00  INFO 17510 --- [AppFellas Flight API] [           main] c.appfellas.flightApi.config.AppConfig   : SU -> Airline has been added!
2024-09-21T15:11:14.378+03:00  INFO 17510 --- [AppFellas Flight API] [           main] c.appfellas.flightApi.config.AppConfig   : EY -> Airline has been added!
2024-09-21T15:11:14.382+03:00  INFO 17510 --- [AppFellas Flight API] [           main] c.appfellas.flightApi.config.AppConfig   : CX -> Airline has been added!
2024-09-21T15:11:14.397+03:00  INFO 17510 --- [AppFellas Flight API] [           main] c.appfellas.flightApi.config.AppConfig   : Admin account created -> Email: ahmetcan.yalcinkaya55@gmail.com / Password: Ahmet123.
2024-09-21T15:11:14.401+03:00  INFO 17510 --- [AppFellas Flight API] [           main] c.appfellas.flightApi.config.AppConfig   : App Fellas admin account created -> Email: admin@appfellas.com / Password: APPFELLAS
2024-09-21T15:11:14.473+03:00  INFO 17510 --- [AppFellas Flight API] [           main] c.appfellas.flightApi.config.AppConfig   : Istanbul Airport -> Airport already created!
2024-09-21T15:11:14.475+03:00  INFO 17510 --- [AppFellas Flight API] [           main] c.appfellas.flightApi.config.AppConfig   : Sabiha Gokcen International Airport -> Airport already created!
2024-09-21T15:11:14.477+03:00  INFO 17510 --- [AppFellas Flight API] [           main] c.appfellas.flightApi.config.AppConfig   : Antalya Airport -> Airport already created!
2024-09-21T15:11:14.479+03:00  INFO 17510 --- [AppFellas Flight API] [           main] c.appfellas.flightApi.config.AppConfig   : Izmir Adnan Menderes Airport -> Airport already created!
2024-09-21T15:11:14.481+03:00  INFO 17510 --- [AppFellas Flight API] [           main] c.appfellas.flightApi.config.AppConfig   : Ankara Esenboga Airport -> Airport already created!
2024-09-21T15:11:14.484+03:00  INFO 17510 --- [AppFellas Flight API] [           main] c.appfellas.flightApi.config.AppConfig   : London Heathrow Airport -> Airport already created!
2024-09-21T15:11:14.486+03:00  INFO 17510 --- [AppFellas Flight API] [           main] c.appfellas.flightApi.config.AppConfig   : Paris Charles de Gaulle Airport -> Airport already created!
2024-09-21T15:11:14.487+03:00  INFO 17510 --- [AppFellas Flight API] [           main] c.appfellas.flightApi.config.AppConfig   : Amsterdam Schiphol Airport -> Airport already created!
2024-09-21T15:11:14.488+03:00  INFO 17510 --- [AppFellas Flight API] [           main] c.appfellas.flightApi.config.AppConfig   : Dubai International Airport -> Airport already created!
2024-09-21T15:11:14.490+03:00  INFO 17510 --- [AppFellas Flight API] [           main] c.appfellas.flightApi.config.AppConfig   : New York John F. Kennedy International Airport -> Airport already created!
2024-09-21T15:11:14.491+03:00  INFO 17510 --- [AppFellas Flight API] [           main] c.appfellas.flightApi.config.AppConfig   : Los Angeles International Airport -> Airport already created!
2024-09-21T15:11:14.491+03:00  INFO 17510 --- [AppFellas Flight API] [           main] c.appfellas.flightApi.config.AppConfig   : Tokyo Haneda Airport -> Airport already created!
2024-09-21T15:11:14.492+03:00  INFO 17510 --- [AppFellas Flight API] [           main] c.appfellas.flightApi.config.AppConfig   : Singapore Changi Airport -> Airport already created!
2024-09-21T15:11:14.494+03:00  INFO 17510 --- [AppFellas Flight API] [           main] c.appfellas.flightApi.config.AppConfig   : Sydney Kingsford Smith Airport -> Airport already created!
2024-09-21T15:11:14.495+03:00  INFO 17510 --- [AppFellas Flight API] [           main] c.appfellas.flightApi.config.AppConfig   : Hong Kong International Airport -> Airport already created!
2024-09-21T15:11:14.496+03:00  INFO 17510 --- [AppFellas Flight API] [           main] c.appfellas.flightApi.config.AppConfig   : Munich Airport -> Airport already created!
2024-09-21T15:11:14.497+03:00  INFO 17510 --- [AppFellas Flight API] [           main] c.appfellas.flightApi.config.AppConfig   : Zurich Airport -> Airport already created!
2024-09-21T15:11:14.498+03:00  INFO 17510 --- [AppFellas Flight API] [           main] c.appfellas.flightApi.config.AppConfig   : Rome Leonardo da Vinci International Airport -> Airport already created!
2024-09-21T15:11:14.499+03:00  INFO 17510 --- [AppFellas Flight API] [           main] c.appfellas.flightApi.config.AppConfig   : Beijing Capital International Airport -> Airport already created!
2024-09-21T15:11:14.500+03:00  INFO 17510 --- [AppFellas Flight API] [           main] c.appfellas.flightApi.config.AppConfig   : Moscow Sheremetyevo International Airport -> Airport already created!
2024-09-21T15:11:14.501+03:00  INFO 17510 --- [AppFellas Flight API] [           main] c.appfellas.flightApi.config.AppConfig   : Flight with the flightName => TK4014 has been created.
2024-09-21T15:11:14.502+03:00  INFO 17510 --- [AppFellas Flight API] [           main] c.appfellas.flightApi.config.AppConfig   : Flight with the flightName => AA1578 has been created.
2024-09-21T15:11:14.503+03:00  INFO 17510 --- [AppFellas Flight API] [           main] c.appfellas.flightApi.config.AppConfig   : Flight with the flightName => LH542 has been created.
2024-09-21T15:11:14.504+03:00  INFO 17510 --- [AppFellas Flight API] [           main] c.appfellas.flightApi.config.AppConfig   : Flight with the flightName => BA985 has been created.
2024-09-21T15:11:14.505+03:00  INFO 17510 --- [AppFellas Flight API] [           main] c.appfellas.flightApi.config.AppConfig   : Flight with the flightName => DL4532 has been created.
2024-09-21T15:11:14.506+03:00  INFO 17510 --- [AppFellas Flight API] [           main] c.appfellas.flightApi.config.AppConfig   : Flight with the flightName => TK863 has been created.
2024-09-21T15:11:14.509+03:00  INFO 17510 --- [AppFellas Flight API] [           main] c.appfellas.flightApi.config.AppConfig   : Flight with the flightName => TK967 has been created.
2024-09-21T15:11:14.511+03:00  INFO 17510 --- [AppFellas Flight API] [           main] c.appfellas.flightApi.config.AppConfig   : Flight with the flightName => KL1923 has been created.
2024-09-21T15:11:14.513+03:00  INFO 17510 --- [AppFellas Flight API] [           main] c.appfellas.flightApi.config.AppConfig   : Flight with the flightName => AA678 has been created.
2024-09-21T15:11:14.514+03:00  INFO 17510 --- [AppFellas Flight API] [           main] c.appfellas.flightApi.config.AppConfig   : Flight with the flightName => TK9310 has been created.
{flights=[{lastUpdatedAt=2024-09-21T01:41:56.170+02:00, actualLandingTime=2024-09-20T23:46:11.000+02:00, aircraftType={iataMain=737, iataSub=73W}, baggageClaim={belts=[4]}, estimatedLandingTime=2024-09-20T23:46:11.000+02:00, expectedTimeOnBelt=2024-09-21T00:41:56.000+02:00, flightDirection=A, flightName=HV5584, flightNumber=5584, id=140695878201558032, isOperationalFlight=true, mainFlight=HV5584, prefixIATA=HV, prefixICAO=TRA, airlineCode=164, publicFlightState={flightStates=[ARR, EXP]}, route={destinations=[NCE], eu=S, visa=false}, scheduleDateTime=2024-09-21T00:00:00.000+02:00, scheduleDate=2024-09-21, scheduleTime=00:00:00, serviceType=J, terminal=1, schemaVersion=4}, {lastUpdatedAt=2024-09-21T01:58:05.117+02:00, actualLandingTime=2024-09-20T23:44:04.000+02:00, aircraftType={iataMain=737, iataSub=7M8}, baggageClaim={belts=[16]}, estimatedLandingTime=2024-09-20T23:44:04.000+02:00, expectedTimeOnBelt=2024-09-21T00:28:21.181+02:00, flightDirection=A, flightName=OR1506, flightNumber=1506, id=140695879156974330, isOperationalFlight=true, mainFlight=OR1506, prefixIATA=OR, prefixICAO=TFL, airlineCode=231, publicFlightState={flightStates=[ARR, EXP]}, route={destinations=[PMI], eu=S, visa=false}, scheduleDateTime=2024-09-21T00:00:00.000+02:00, scheduleDate=2024-09-21, scheduleTime=00:00:00, serviceType=J, terminal=3, schemaVersion=4}, {lastUpdatedAt=2024-09-21T01:58:05.474+02:00, actualLandingTime=2024-09-21T00:21:11.000+02:00, aircraftType={iataMain=32S, iataSub=32Q}, baggageClaim={belts=[4]}, codeshares={codeshares=[KL2690]}, estimatedLandingTime=2024-09-21T00:21:11.000+02:00, expectedTimeOnBelt=2024-09-21T00:48:53.000+02:00, flightDirection=A, flightName=HV6734, flightNumber=6734, id=140695878201664444, isOperationalFlight=true, mainFlight=HV6734, prefixIATA=HV, prefixICAO=TRA, airlineCode=164, publicFlightState={flightStates=[ARR, EXP]}, route={destinations=[SVQ], eu=S, visa=false}, scheduleDateTime=2024-09-21T00:05:00.000+02:00, scheduleDate=2024-09-21, scheduleTime=00:05:00, serviceType=J, terminal=1, schemaVersion=4}, {lastUpdatedAt=2024-09-21T01:58:05.474+02:00, actualLandingTime=2024-09-21T00:21:11.000+02:00, aircraftType={iataMain=32S, iataSub=32Q}, baggageClaim={belts=[4]}, codeshares={codeshares=[KL2690]}, estimatedLandingTime=2024-09-21T00:21:11.000+02:00, expectedTimeOnBelt=2024-09-21T00:48:53.000+02:00, flightDirection=A, flightName=KL2690, flightNumber=2690, id=140695878579837440, isOperationalFlight=true, mainFlight=HV6734, prefixIATA=KL, prefixICAO=KLM, airlineCode=100, publicFlightState={flightStates=[ARR, EXP]}, route={destinations=[SVQ], eu=S, visa=false}, scheduleDateTime=2024-09-21T00:05:00.000+02:00, scheduleDate=2024-09-21, scheduleTime=00:05:00, serviceType=J, terminal=1, schemaVersion=4}, {lastUpdatedAt=2024-09-21T02:08:01.217+02:00, actualLandingTime=2024-09-20T23:57:24.000+02:00, aircraftType={iataMain=32S, iataSub=32Q}, baggageClaim={belts=[6]}, codeshares={codeshares=[KL2568]}, estimatedLandingTime=2024-09-20T23:57:24.000+02:00, expectedTimeOnBelt=2024-09-21T00:57:41.320+02:00, flightDirection=A, flightName=HV5218, flightNumber=5218, id=140695878201549308, isOperationalFlight=true, mainFlight=HV5218, prefixIATA=HV, prefixICAO=TRA, airlineCode=164, publicFlightState={flightStates=[ARR]}, route={destinations=[CTA], eu=S, visa=false}, scheduleDateTime=2024-09-21T00:05:00.000+02:00, scheduleDate=2024-09-21, scheduleTime=00:05:00, serviceType=J, terminal=1, schemaVersion=4}, {lastUpdatedAt=2024-09-21T02:08:01.217+02:00, actualLandingTime=2024-09-20T23:57:24.000+02:00, aircraftType={iataMain=32S, iataSub=32Q}, baggageClaim={belts=[6]}, codeshares={codeshares=[KL2568]}, estimatedLandingTime=2024-09-20T23:57:24.000+02:00, expectedTimeOnBelt=2024-09-21T00:57:41.320+02:00, flightDirection=A, flightName=KL2568, flightNumber=2568, id=140695878579834496, isOperationalFlight=true, mainFlight=HV5218, prefixIATA=KL, prefixICAO=KLM, airlineCode=100, publicFlightState={flightStates=[ARR]}, route={destinations=[CTA], eu=S, visa=false}, scheduleDateTime=2024-09-21T00:05:00.000+02:00, scheduleDate=2024-09-21, scheduleTime=00:05:00, serviceType=J, terminal=1, schemaVersion=4}, {lastUpdatedAt=2024-09-21T01:38:49.863+02:00, actualLandingTime=2024-09-20T23:41:54.000+02:00, aircraftType={iataMain=737, iataSub=7M9}, baggageClaim={belts=[17]}, estimatedLandingTime=2024-09-20T23:41:54.000+02:00, expectedTimeOnBelt=2024-09-21T00:55:55.975+02:00, flightDirection=A, flightName=CD534, flightNumber=534, id=140695877017999664, isOperationalFlight=true, mainFlight=CD534, prefixIATA=CD, prefixICAO=CND, airlineCode=4982, publicFlightState={flightStates=[ARR, EXP]}, route={destinations=[ZTH], eu=S, visa=false}, scheduleDateTime=2024-09-21T00:10:00.000+02:00, scheduleDate=2024-09-21, scheduleTime=00:10:00, serviceType=C, terminal=3, schemaVersion=4}, {lastUpdatedAt=2024-09-21T02:01:22.187+02:00, actualLandingTime=2024-09-20T23:54:03.000+02:00, aircraftType={iataMain=737, iataSub=73H}, baggageClaim={belts=[2]}, estimatedLandingTime=2024-09-20T23:54:03.000+02:00, expectedTimeOnBelt=2024-09-21T00:29:23.180+02:00, flightDirection=A, flightName=HV5134, flightNumber=5134, id=140695878201546710, isOperationalFlight=true, mainFlight=HV5134, prefixIATA=HV, prefixICAO=TRA, airlineCode=164, publicFlightState={flightStates=[ARR, EXP]}, route={destinations=[BCN], eu=S, visa=false}, scheduleDateTime=2024-09-21T00:10:00.000+02:00, scheduleDate=2024-09-21, scheduleTime=00:10:00, serviceType=J, terminal=1, schemaVersion=4}, {lastUpdatedAt=2024-09-21T01:05:41.450+02:00, actualOffBlockTime=2024-09-21T00:45:58.000+02:00, aircraftRegistration=LYCCK, aircraftType={iataMain=32S, iataSub=320}, flightDirection=D, flightName=HV083, flightNumber=83, id=140695877038551461, isOperationalFlight=true, mainFlight=HV083, prefixIATA=HV, prefixICAO=TRA, airlineCode=164, publicFlightState={flightStates=[DEP]}, route={destinations=[VNO], eu=S, visa=false}, scheduleDateTime=2024-09-21T00:15:00.000+02:00, scheduleDate=2024-09-21, scheduleTime=00:15:00, serviceType=P, schemaVersion=4}, {lastUpdatedAt=2024-09-21T02:06:38.197+02:00, actualLandingTime=2024-09-20T23:59:14.000+02:00, aircraftType={iataMain=737, iataSub=73H}, baggageClaim={belts=[18]}, estimatedLandingTime=2024-09-20T23:59:14.000+02:00, expectedTimeOnBelt=2024-09-21T00:36:39.277+02:00, flightDirection=A, flightName=HV5758, flightNumber=5758, id=140695878201563294, isOperationalFlight=true, mainFlight=HV5758, prefixIATA=HV, prefixICAO=TRA, airlineCode=164, publicFlightState={flightStates=[ARR, EXP]}, route={destinations=[RAK], eu=N, visa=false}, scheduleDateTime=2024-09-21T00:15:00.000+02:00, scheduleDate=2024-09-21, scheduleTime=00:15:00, serviceType=J, terminal=3, schemaVersion=4}, {lastUpdatedAt=2024-09-21T02:21:44.171+02:00, actualLandingTime=2024-09-21T00:58:04.000+02:00, aircraftType={iataMain=32S, iataSub=32Q}, baggageClaim={belts=[2]}, codeshares={codeshares=[KL2756]}, estimatedLandingTime=2024-09-21T00:58:04.000+02:00, expectedTimeOnBelt=2024-09-21T01:14:03.000+02:00, flightDirection=A, flightName=HV5314, flightNumber=5314, id=140695878201552038, isOperationalFlight=true, mainFlight=HV5314, prefixIATA=HV, prefixICAO=TRA, airlineCode=164, publicFlightState={flightStates=[ARR, EXP]}, route={destinations=[LCA], eu=E, visa=false}, scheduleDateTime=2024-09-21T00:25:00.000+02:00, scheduleDate=2024-09-21, scheduleTime=00:25:00, serviceType=J, terminal=1, schemaVersion=4}, {lastUpdatedAt=2024-09-21T02:21:44.171+02:00, actualLandingTime=2024-09-21T00:58:04.000+02:00, aircraftType={iataMain=32S, iataSub=32Q}, baggageClaim={belts=[2]}, codeshares={codeshares=[KL2756]}, estimatedLandingTime=2024-09-21T00:58:04.000+02:00, expectedTimeOnBelt=2024-09-21T01:14:03.000+02:00, flightDirection=A, flightName=KL2756, flightNumber=2756, id=140695878579839894, isOperationalFlight=true, mainFlight=HV5314, prefixIATA=KL, prefixICAO=KLM, airlineCode=100, publicFlightState={flightStates=[ARR, EXP]}, route={destinations=[LCA], eu=E, visa=false}, scheduleDateTime=2024-09-21T00:25:00.000+02:00, scheduleDate=2024-09-21, scheduleTime=00:25:00, serviceType=J, terminal=1, schemaVersion=4}, {lastUpdatedAt=2024-09-21T02:42:04.163+02:00, actualLandingTime=2024-09-21T00:44:44.000+02:00, aircraftType={iataMain=737, iataSub=73H}, baggageClaim={belts=[20]}, estimatedLandingTime=2024-09-21T00:44:44.000+02:00, expectedTimeOnBelt=2024-09-21T01:51:36.644+02:00, flightDirection=A, flightName=OR3028, flightNumber=3028, id=140695879157163404, isOperationalFlight=true, mainFlight=OR3028, prefixIATA=OR, prefixICAO=TFL, airlineCode=231, publicFlightState={flightStates=[ARR, EXP]}, route={destinations=[AYT], eu=N, visa=false}, scheduleDateTime=2024-09-21T00:25:00.000+02:00, scheduleDate=2024-09-21, scheduleTime=00:25:00, serviceType=J, terminal=4, schemaVersion=4}, {lastUpdatedAt=2024-09-21T04:02:52.145+02:00, actualLandingTime=2024-09-21T02:08:09.000+02:00, aircraftType={iataMain=32S, iataSub=320}, baggageClaim={belts=[2]}, codeshares={codeshares=[KL2558]}, estimatedLandingTime=2024-09-21T02:08:09.000+02:00, expectedTimeOnBelt=2024-09-21T02:56:21.000+02:00, flightDirection=A, flightName=HV6874, flightNumber=6874, id=140695878201667478, isOperationalFlight=true, mainFlight=HV6874, prefixIATA=HV, prefixICAO=TRA, airlineCode=164, publicFlightState={flightStates=[ARR, EXP]}, route={destinations=[HER], eu=S, visa=false}, scheduleDateTime=2024-09-21T00:30:00.000+02:00, scheduleDate=2024-09-21, scheduleTime=00:30:00, serviceType=J, terminal=1, schemaVersion=4}, {lastUpdatedAt=2024-09-21T04:02:52.145+02:00, actualLandingTime=2024-09-21T02:08:09.000+02:00, aircraftType={iataMain=32S, iataSub=320}, baggageClaim={belts=[2]}, codeshares={codeshares=[KL2558]}, estimatedLandingTime=2024-09-21T02:08:09.000+02:00, expectedTimeOnBelt=2024-09-21T02:56:21.000+02:00, flightDirection=A, flightName=KL2558, flightNumber=2558, id=140695878579834422, isOperationalFlight=true, mainFlight=HV6874, prefixIATA=KL, prefixICAO=KLM, airlineCode=100, publicFlightState={flightStates=[ARR, EXP]}, route={destinations=[HER], eu=S, visa=false}, scheduleDateTime=2024-09-21T00:30:00.000+02:00, scheduleDate=2024-09-21, scheduleTime=00:30:00, serviceType=J, terminal=1, schemaVersion=4}, {lastUpdatedAt=2024-09-21T01:41:50.176+02:00, actualLandingTime=2024-09-21T00:03:42.000+02:00, aircraftType={iataMain=737, iataSub=73H}, baggageClaim={belts=[4]}, codeshares={codeshares=[KL2522]}, estimatedLandingTime=2024-09-21T00:03:42.000+02:00, expectedTimeOnBelt=2024-09-21T00:37:13.000+02:00, flightDirection=A, flightName=HV6338, flightNumber=6338, id=140695878201653500, isOperationalFlight=true, mainFlight=HV6338, prefixIATA=HV, prefixICAO=TRA, airlineCode=164, publicFlightState={flightStates=[ARR, EXP]}, route={destinations=[VLC], eu=S, visa=false}, scheduleDateTime=2024-09-21T00:35:00.000+02:00, scheduleDate=2024-09-21, scheduleTime=00:35:00, serviceType=J, terminal=1, schemaVersion=4}, {lastUpdatedAt=2024-09-21T01:41:50.176+02:00, actualLandingTime=2024-09-21T00:03:42.000+02:00, aircraftType={iataMain=737, iataSub=73H}, baggageClaim={belts=[4]}, codeshares={codeshares=[KL2522]}, estimatedLandingTime=2024-09-21T00:03:42.000+02:00, expectedTimeOnBelt=2024-09-21T00:37:13.000+02:00, flightDirection=A, flightName=KL2522, flightNumber=2522, id=140695878579834188, isOperationalFlight=true, mainFlight=HV6338, prefixIATA=KL, prefixICAO=KLM, airlineCode=100, publicFlightState={flightStates=[ARR, EXP]}, route={destinations=[VLC], eu=S, visa=false}, scheduleDateTime=2024-09-21T00:35:00.000+02:00, scheduleDate=2024-09-21, scheduleTime=00:35:00, serviceType=J, terminal=1, schemaVersion=4}, {lastUpdatedAt=2024-09-21T02:12:42.148+02:00, actualLandingTime=2024-09-21T00:49:06.000+02:00, aircraftType={iataMain=737, iataSub=73H}, baggageClaim={belts=[6]}, estimatedLandingTime=2024-09-21T00:49:06.000+02:00, expectedTimeOnBelt=2024-09-21T01:12:36.000+02:00, flightDirection=A, flightName=HV5642, flightNumber=5642, id=140695878201560470, isOperationalFlight=true, mainFlight=HV5642, prefixIATA=HV, prefixICAO=TRA, airlineCode=164, publicFlightState={flightStates=[ARR, EXP]}, route={destinations=[SPC], eu=S, visa=false}, scheduleDateTime=2024-09-21T00:35:00.000+02:00, scheduleDate=2024-09-21, scheduleTime=00:35:00, serviceType=J, terminal=1, schemaVersion=4}, {lastUpdatedAt=2024-09-21T02:16:04.186+02:00, actualLandingTime=2024-09-21T00:05:33.000+02:00, aircraftType={iataMain=737, iataSub=73H}, baggageClaim={belts=[2]}, codeshares={codeshares=[KL2660]}, estimatedLandingTime=2024-09-21T00:05:33.000+02:00, expectedTimeOnBelt=2024-09-21T00:41:05.201+02:00, flightDirection=A, flightName=HV5362, flightNumber=5362, id=140695878201552404, isOperationalFlight=true, mainFlight=HV5362, prefixIATA=HV, prefixICAO=TRA, airlineCode=164, publicFlightState={flightStates=[ARR, EXP]}, route={destinations=[FAO], eu=S, visa=false}, scheduleDateTime=2024-09-21T00:35:00.000+02:00, scheduleDate=2024-09-21, scheduleTime=00:35:00, serviceType=J, terminal=1, schemaVersion=4}, {lastUpdatedAt=2024-09-21T02:16:04.186+02:00, actualLandingTime=2024-09-21T00:05:33.000+02:00, aircraftType={iataMain=737, iataSub=73H}, baggageClaim={belts=[2]}, codeshares={codeshares=[KL2660]}, estimatedLandingTime=2024-09-21T00:05:33.000+02:00, expectedTimeOnBelt=2024-09-21T00:41:05.201+02:00, flightDirection=A, flightName=KL2660, flightNumber=2660, id=140695878579837218, isOperationalFlight=true, mainFlight=HV5362, prefixIATA=KL, prefixICAO=KLM, airlineCode=100, publicFlightState={flightStates=[ARR, EXP]}, route={destinations=[FAO], eu=S, visa=false}, scheduleDateTime=2024-09-21T00:35:00.000+02:00, scheduleDate=2024-09-21, scheduleTime=00:35:00, serviceType=J, terminal=1, schemaVersion=4}]}
Key: lastUpdatedAtValue: 2024-09-21T01:41:56.170+02:00
Key: actualLandingTimeValue: 2024-09-20T23:46:11.000+02:00
Key: aircraftTypeValue: {iataMain=737, iataSub=73W}
Key: baggageClaimValue: {belts=[4]}
Key: estimatedLandingTimeValue: 2024-09-20T23:46:11.000+02:00
Key: expectedTimeOnBeltValue: 2024-09-21T00:41:56.000+02:00
Key: flightDirectionValue: A
Key: flightNameValue: HV5584
Key: flightNumberValue: 5584
Key: idValue: 140695878201558032
Key: isOperationalFlightValue: true
Key: mainFlightValue: HV5584
Key: prefixIATAValue: HV
Key: prefixICAOValue: TRA
Key: airlineCodeValue: 164
Key: publicFlightStateValue: {flightStates=[ARR, EXP]}
Key: routeValue: {destinations=[NCE], eu=S, visa=false}
Key: scheduleDateTimeValue: 2024-09-21T00:00:00.000+02:00
Key: scheduleDateValue: 2024-09-21
Key: scheduleTimeValue: 00:00:00
Key: serviceTypeValue: J
Key: terminalValue: 1
Key: schemaVersionValue: 4
Key: lastUpdatedAtValue: 2024-09-21T01:58:05.117+02:00
Key: actualLandingTimeValue: 2024-09-20T23:44:04.000+02:00
Key: aircraftTypeValue: {iataMain=737, iataSub=7M8}
Key: baggageClaimValue: {belts=[16]}
Key: estimatedLandingTimeValue: 2024-09-20T23:44:04.000+02:00
Key: expectedTimeOnBeltValue: 2024-09-21T00:28:21.181+02:00
Key: flightDirectionValue: A
Key: flightNameValue: OR1506
Key: flightNumberValue: 1506
Key: idValue: 140695879156974330
Key: isOperationalFlightValue: true
Key: mainFlightValue: OR1506
Key: prefixIATAValue: OR
Key: prefixICAOValue: TFL
Key: airlineCodeValue: 231
Key: publicFlightStateValue: {flightStates=[ARR, EXP]}
Key: routeValue: {destinations=[PMI], eu=S, visa=false}
Key: scheduleDateTimeValue: 2024-09-21T00:00:00.000+02:00
Key: scheduleDateValue: 2024-09-21
Key: scheduleTimeValue: 00:00:00
Key: serviceTypeValue: J
Key: terminalValue: 3
Key: schemaVersionValue: 4
Key: lastUpdatedAtValue: 2024-09-21T01:58:05.474+02:00
Key: actualLandingTimeValue: 2024-09-21T00:21:11.000+02:00
Key: aircraftTypeValue: {iataMain=32S, iataSub=32Q}
Key: baggageClaimValue: {belts=[4]}
Key: codesharesValue: {codeshares=[KL2690]}
Key: estimatedLandingTimeValue: 2024-09-21T00:21:11.000+02:00
Key: expectedTimeOnBeltValue: 2024-09-21T00:48:53.000+02:00
Key: flightDirectionValue: A
Key: flightNameValue: HV6734
Key: flightNumberValue: 6734
Key: idValue: 140695878201664444
Key: isOperationalFlightValue: true
Key: mainFlightValue: HV6734
Key: prefixIATAValue: HV
Key: prefixICAOValue: TRA
Key: airlineCodeValue: 164
Key: publicFlightStateValue: {flightStates=[ARR, EXP]}
Key: routeValue: {destinations=[SVQ], eu=S, visa=false}
Key: scheduleDateTimeValue: 2024-09-21T00:05:00.000+02:00
Key: scheduleDateValue: 2024-09-21
Key: scheduleTimeValue: 00:05:00
Key: serviceTypeValue: J
Key: terminalValue: 1
Key: schemaVersionValue: 4
Key: lastUpdatedAtValue: 2024-09-21T01:58:05.474+02:00
Key: actualLandingTimeValue: 2024-09-21T00:21:11.000+02:00
Key: aircraftTypeValue: {iataMain=32S, iataSub=32Q}
Key: baggageClaimValue: {belts=[4]}
Key: codesharesValue: {codeshares=[KL2690]}
Key: estimatedLandingTimeValue: 2024-09-21T00:21:11.000+02:00
Key: expectedTimeOnBeltValue: 2024-09-21T00:48:53.000+02:00
Key: flightDirectionValue: A
Key: flightNameValue: KL2690
Key: flightNumberValue: 2690
Key: idValue: 140695878579837440
Key: isOperationalFlightValue: true
Key: mainFlightValue: HV6734
Key: prefixIATAValue: KL
Key: prefixICAOValue: KLM
Key: airlineCodeValue: 100
Key: publicFlightStateValue: {flightStates=[ARR, EXP]}
Key: routeValue: {destinations=[SVQ], eu=S, visa=false}
Key: scheduleDateTimeValue: 2024-09-21T00:05:00.000+02:00
Key: scheduleDateValue: 2024-09-21
Key: scheduleTimeValue: 00:05:00
Key: serviceTypeValue: J
Key: terminalValue: 1
Key: schemaVersionValue: 4
Key: lastUpdatedAtValue: 2024-09-21T02:08:01.217+02:00
Key: actualLandingTimeValue: 2024-09-20T23:57:24.000+02:00
Key: aircraftTypeValue: {iataMain=32S, iataSub=32Q}
Key: baggageClaimValue: {belts=[6]}
Key: codesharesValue: {codeshares=[KL2568]}
Key: estimatedLandingTimeValue: 2024-09-20T23:57:24.000+02:00
Key: expectedTimeOnBeltValue: 2024-09-21T00:57:41.320+02:00
Key: flightDirectionValue: A
Key: flightNameValue: HV5218
Key: flightNumberValue: 5218
Key: idValue: 140695878201549308
Key: isOperationalFlightValue: true
Key: mainFlightValue: HV5218
Key: prefixIATAValue: HV
Key: prefixICAOValue: TRA
Key: airlineCodeValue: 164
Key: publicFlightStateValue: {flightStates=[ARR]}
Key: routeValue: {destinations=[CTA], eu=S, visa=false}
Key: scheduleDateTimeValue: 2024-09-21T00:05:00.000+02:00
Key: scheduleDateValue: 2024-09-21
Key: scheduleTimeValue: 00:05:00
Key: serviceTypeValue: J
Key: terminalValue: 1
Key: schemaVersionValue: 4
Key: lastUpdatedAtValue: 2024-09-21T02:08:01.217+02:00
Key: actualLandingTimeValue: 2024-09-20T23:57:24.000+02:00
Key: aircraftTypeValue: {iataMain=32S, iataSub=32Q}
Key: baggageClaimValue: {belts=[6]}
Key: codesharesValue: {codeshares=[KL2568]}
Key: estimatedLandingTimeValue: 2024-09-20T23:57:24.000+02:00
Key: expectedTimeOnBeltValue: 2024-09-21T00:57:41.320+02:00
Key: flightDirectionValue: A
Key: flightNameValue: KL2568
Key: flightNumberValue: 2568
Key: idValue: 140695878579834496
Key: isOperationalFlightValue: true
Key: mainFlightValue: HV5218
Key: prefixIATAValue: KL
Key: prefixICAOValue: KLM
Key: airlineCodeValue: 100
Key: publicFlightStateValue: {flightStates=[ARR]}
Key: routeValue: {destinations=[CTA], eu=S, visa=false}
Key: scheduleDateTimeValue: 2024-09-21T00:05:00.000+02:00
Key: scheduleDateValue: 2024-09-21
Key: scheduleTimeValue: 00:05:00
Key: serviceTypeValue: J
Key: terminalValue: 1
Key: schemaVersionValue: 4
Key: lastUpdatedAtValue: 2024-09-21T01:38:49.863+02:00
Key: actualLandingTimeValue: 2024-09-20T23:41:54.000+02:00
Key: aircraftTypeValue: {iataMain=737, iataSub=7M9}
Key: baggageClaimValue: {belts=[17]}
Key: estimatedLandingTimeValue: 2024-09-20T23:41:54.000+02:00
Key: expectedTimeOnBeltValue: 2024-09-21T00:55:55.975+02:00
Key: flightDirectionValue: A
Key: flightNameValue: CD534
Key: flightNumberValue: 534
Key: idValue: 140695877017999664
Key: isOperationalFlightValue: true
Key: mainFlightValue: CD534
Key: prefixIATAValue: CD
Key: prefixICAOValue: CND
Key: airlineCodeValue: 4982
Key: publicFlightStateValue: {flightStates=[ARR, EXP]}
Key: routeValue: {destinations=[ZTH], eu=S, visa=false}
Key: scheduleDateTimeValue: 2024-09-21T00:10:00.000+02:00
Key: scheduleDateValue: 2024-09-21
Key: scheduleTimeValue: 00:10:00
Key: serviceTypeValue: C
Key: terminalValue: 3
Key: schemaVersionValue: 4
Key: lastUpdatedAtValue: 2024-09-21T02:01:22.187+02:00
Key: actualLandingTimeValue: 2024-09-20T23:54:03.000+02:00
Key: aircraftTypeValue: {iataMain=737, iataSub=73H}
Key: baggageClaimValue: {belts=[2]}
Key: estimatedLandingTimeValue: 2024-09-20T23:54:03.000+02:00
Key: expectedTimeOnBeltValue: 2024-09-21T00:29:23.180+02:00
Key: flightDirectionValue: A
Key: flightNameValue: HV5134
Key: flightNumberValue: 5134
Key: idValue: 140695878201546710
Key: isOperationalFlightValue: true
Key: mainFlightValue: HV5134
Key: prefixIATAValue: HV
Key: prefixICAOValue: TRA
Key: airlineCodeValue: 164
Key: publicFlightStateValue: {flightStates=[ARR, EXP]}
Key: routeValue: {destinations=[BCN], eu=S, visa=false}
Key: scheduleDateTimeValue: 2024-09-21T00:10:00.000+02:00
Key: scheduleDateValue: 2024-09-21
Key: scheduleTimeValue: 00:10:00
Key: serviceTypeValue: J
Key: terminalValue: 1
Key: schemaVersionValue: 4
Key: lastUpdatedAtValue: 2024-09-21T01:05:41.450+02:00
Key: actualOffBlockTimeValue: 2024-09-21T00:45:58.000+02:00
Key: aircraftRegistrationValue: LYCCK
Key: aircraftTypeValue: {iataMain=32S, iataSub=320}
Key: flightDirectionValue: D
Key: flightNameValue: HV083
Key: flightNumberValue: 83
Key: idValue: 140695877038551461
Key: isOperationalFlightValue: true
Key: mainFlightValue: HV083
Key: prefixIATAValue: HV
Key: prefixICAOValue: TRA
Key: airlineCodeValue: 164
Key: publicFlightStateValue: {flightStates=[DEP]}
Key: routeValue: {destinations=[VNO], eu=S, visa=false}
Key: scheduleDateTimeValue: 2024-09-21T00:15:00.000+02:00
Key: scheduleDateValue: 2024-09-21
Key: scheduleTimeValue: 00:15:00
Key: serviceTypeValue: P
Key: schemaVersionValue: 4
Key: lastUpdatedAtValue: 2024-09-21T02:06:38.197+02:00
Key: actualLandingTimeValue: 2024-09-20T23:59:14.000+02:00
Key: aircraftTypeValue: {iataMain=737, iataSub=73H}
Key: baggageClaimValue: {belts=[18]}
Key: estimatedLandingTimeValue: 2024-09-20T23:59:14.000+02:00
Key: expectedTimeOnBeltValue: 2024-09-21T00:36:39.277+02:00
Key: flightDirectionValue: A
Key: flightNameValue: HV5758
Key: flightNumberValue: 5758
Key: idValue: 140695878201563294
Key: isOperationalFlightValue: true
Key: mainFlightValue: HV5758
Key: prefixIATAValue: HV
Key: prefixICAOValue: TRA
Key: airlineCodeValue: 164
Key: publicFlightStateValue: {flightStates=[ARR, EXP]}
Key: routeValue: {destinations=[RAK], eu=N, visa=false}
Key: scheduleDateTimeValue: 2024-09-21T00:15:00.000+02:00
Key: scheduleDateValue: 2024-09-21
Key: scheduleTimeValue: 00:15:00
Key: serviceTypeValue: J
Key: terminalValue: 3
Key: schemaVersionValue: 4
Key: lastUpdatedAtValue: 2024-09-21T02:21:44.171+02:00
Key: actualLandingTimeValue: 2024-09-21T00:58:04.000+02:00
Key: aircraftTypeValue: {iataMain=32S, iataSub=32Q}
Key: baggageClaimValue: {belts=[2]}
Key: codesharesValue: {codeshares=[KL2756]}
Key: estimatedLandingTimeValue: 2024-09-21T00:58:04.000+02:00
Key: expectedTimeOnBeltValue: 2024-09-21T01:14:03.000+02:00
Key: flightDirectionValue: A
Key: flightNameValue: HV5314
Key: flightNumberValue: 5314
Key: idValue: 140695878201552038
Key: isOperationalFlightValue: true
Key: mainFlightValue: HV5314
Key: prefixIATAValue: HV
Key: prefixICAOValue: TRA
Key: airlineCodeValue: 164
Key: publicFlightStateValue: {flightStates=[ARR, EXP]}
Key: routeValue: {destinations=[LCA], eu=E, visa=false}
Key: scheduleDateTimeValue: 2024-09-21T00:25:00.000+02:00
Key: scheduleDateValue: 2024-09-21
Key: scheduleTimeValue: 00:25:00
Key: serviceTypeValue: J
Key: terminalValue: 1
Key: schemaVersionValue: 4
Key: lastUpdatedAtValue: 2024-09-21T02:21:44.171+02:00
Key: actualLandingTimeValue: 2024-09-21T00:58:04.000+02:00
Key: aircraftTypeValue: {iataMain=32S, iataSub=32Q}
Key: baggageClaimValue: {belts=[2]}
Key: codesharesValue: {codeshares=[KL2756]}
Key: estimatedLandingTimeValue: 2024-09-21T00:58:04.000+02:00
Key: expectedTimeOnBeltValue: 2024-09-21T01:14:03.000+02:00
Key: flightDirectionValue: A
Key: flightNameValue: KL2756
Key: flightNumberValue: 2756
Key: idValue: 140695878579839894
Key: isOperationalFlightValue: true
Key: mainFlightValue: HV5314
Key: prefixIATAValue: KL
Key: prefixICAOValue: KLM
Key: airlineCodeValue: 100
Key: publicFlightStateValue: {flightStates=[ARR, EXP]}
Key: routeValue: {destinations=[LCA], eu=E, visa=false}
Key: scheduleDateTimeValue: 2024-09-21T00:25:00.000+02:00
Key: scheduleDateValue: 2024-09-21
Key: scheduleTimeValue: 00:25:00
Key: serviceTypeValue: J
Key: terminalValue: 1
Key: schemaVersionValue: 4
Key: lastUpdatedAtValue: 2024-09-21T02:42:04.163+02:00
Key: actualLandingTimeValue: 2024-09-21T00:44:44.000+02:00
Key: aircraftTypeValue: {iataMain=737, iataSub=73H}
Key: baggageClaimValue: {belts=[20]}
Key: estimatedLandingTimeValue: 2024-09-21T00:44:44.000+02:00
Key: expectedTimeOnBeltValue: 2024-09-21T01:51:36.644+02:00
Key: flightDirectionValue: A
Key: flightNameValue: OR3028
Key: flightNumberValue: 3028
Key: idValue: 140695879157163404
Key: isOperationalFlightValue: true
Key: mainFlightValue: OR3028
Key: prefixIATAValue: OR
Key: prefixICAOValue: TFL
Key: airlineCodeValue: 231
Key: publicFlightStateValue: {flightStates=[ARR, EXP]}
Key: routeValue: {destinations=[AYT], eu=N, visa=false}
Key: scheduleDateTimeValue: 2024-09-21T00:25:00.000+02:00
Key: scheduleDateValue: 2024-09-21
Key: scheduleTimeValue: 00:25:00
Key: serviceTypeValue: J
Key: terminalValue: 4
Key: schemaVersionValue: 4
Key: lastUpdatedAtValue: 2024-09-21T04:02:52.145+02:00
Key: actualLandingTimeValue: 2024-09-21T02:08:09.000+02:00
Key: aircraftTypeValue: {iataMain=32S, iataSub=320}
Key: baggageClaimValue: {belts=[2]}
Key: codesharesValue: {codeshares=[KL2558]}
Key: estimatedLandingTimeValue: 2024-09-21T02:08:09.000+02:00
Key: expectedTimeOnBeltValue: 2024-09-21T02:56:21.000+02:00
Key: flightDirectionValue: A
Key: flightNameValue: HV6874
Key: flightNumberValue: 6874
Key: idValue: 140695878201667478
Key: isOperationalFlightValue: true
Key: mainFlightValue: HV6874
Key: prefixIATAValue: HV
Key: prefixICAOValue: TRA
Key: airlineCodeValue: 164
Key: publicFlightStateValue: {flightStates=[ARR, EXP]}
Key: routeValue: {destinations=[HER], eu=S, visa=false}
Key: scheduleDateTimeValue: 2024-09-21T00:30:00.000+02:00
Key: scheduleDateValue: 2024-09-21
Key: scheduleTimeValue: 00:30:00
Key: serviceTypeValue: J
Key: terminalValue: 1
Key: schemaVersionValue: 4
Key: lastUpdatedAtValue: 2024-09-21T04:02:52.145+02:00
Key: actualLandingTimeValue: 2024-09-21T02:08:09.000+02:00
Key: aircraftTypeValue: {iataMain=32S, iataSub=320}
Key: baggageClaimValue: {belts=[2]}
Key: codesharesValue: {codeshares=[KL2558]}
Key: estimatedLandingTimeValue: 2024-09-21T02:08:09.000+02:00
Key: expectedTimeOnBeltValue: 2024-09-21T02:56:21.000+02:00
Key: flightDirectionValue: A
Key: flightNameValue: KL2558
Key: flightNumberValue: 2558
Key: idValue: 140695878579834422
Key: isOperationalFlightValue: true
Key: mainFlightValue: HV6874
Key: prefixIATAValue: KL
Key: prefixICAOValue: KLM
Key: airlineCodeValue: 100
Key: publicFlightStateValue: {flightStates=[ARR, EXP]}
Key: routeValue: {destinations=[HER], eu=S, visa=false}
Key: scheduleDateTimeValue: 2024-09-21T00:30:00.000+02:00
Key: scheduleDateValue: 2024-09-21
Key: scheduleTimeValue: 00:30:00
Key: serviceTypeValue: J
Key: terminalValue: 1
Key: schemaVersionValue: 4
Key: lastUpdatedAtValue: 2024-09-21T01:41:50.176+02:00
Key: actualLandingTimeValue: 2024-09-21T00:03:42.000+02:00
Key: aircraftTypeValue: {iataMain=737, iataSub=73H}
Key: baggageClaimValue: {belts=[4]}
Key: codesharesValue: {codeshares=[KL2522]}
Key: estimatedLandingTimeValue: 2024-09-21T00:03:42.000+02:00
Key: expectedTimeOnBeltValue: 2024-09-21T00:37:13.000+02:00
Key: flightDirectionValue: A
Key: flightNameValue: HV6338
Key: flightNumberValue: 6338
Key: idValue: 140695878201653500
Key: isOperationalFlightValue: true
Key: mainFlightValue: HV6338
Key: prefixIATAValue: HV
Key: prefixICAOValue: TRA
Key: airlineCodeValue: 164
Key: publicFlightStateValue: {flightStates=[ARR, EXP]}
Key: routeValue: {destinations=[VLC], eu=S, visa=false}
Key: scheduleDateTimeValue: 2024-09-21T00:35:00.000+02:00
Key: scheduleDateValue: 2024-09-21
Key: scheduleTimeValue: 00:35:00
Key: serviceTypeValue: J
Key: terminalValue: 1
Key: schemaVersionValue: 4
Key: lastUpdatedAtValue: 2024-09-21T01:41:50.176+02:00
Key: actualLandingTimeValue: 2024-09-21T00:03:42.000+02:00
Key: aircraftTypeValue: {iataMain=737, iataSub=73H}
Key: baggageClaimValue: {belts=[4]}
Key: codesharesValue: {codeshares=[KL2522]}
Key: estimatedLandingTimeValue: 2024-09-21T00:03:42.000+02:00
Key: expectedTimeOnBeltValue: 2024-09-21T00:37:13.000+02:00
Key: flightDirectionValue: A
Key: flightNameValue: KL2522
Key: flightNumberValue: 2522
Key: idValue: 140695878579834188
Key: isOperationalFlightValue: true
Key: mainFlightValue: HV6338
Key: prefixIATAValue: KL
Key: prefixICAOValue: KLM
Key: airlineCodeValue: 100
Key: publicFlightStateValue: {flightStates=[ARR, EXP]}
Key: routeValue: {destinations=[VLC], eu=S, visa=false}
Key: scheduleDateTimeValue: 2024-09-21T00:35:00.000+02:00
Key: scheduleDateValue: 2024-09-21
Key: scheduleTimeValue: 00:35:00
Key: serviceTypeValue: J
Key: terminalValue: 1
Key: schemaVersionValue: 4
Key: lastUpdatedAtValue: 2024-09-21T02:12:42.148+02:00
Key: actualLandingTimeValue: 2024-09-21T00:49:06.000+02:00
Key: aircraftTypeValue: {iataMain=737, iataSub=73H}
Key: baggageClaimValue: {belts=[6]}
Key: estimatedLandingTimeValue: 2024-09-21T00:49:06.000+02:00
Key: expectedTimeOnBeltValue: 2024-09-21T01:12:36.000+02:00
Key: flightDirectionValue: A
Key: flightNameValue: HV5642
Key: flightNumberValue: 5642
Key: idValue: 140695878201560470
Key: isOperationalFlightValue: true
Key: mainFlightValue: HV5642
Key: prefixIATAValue: HV
Key: prefixICAOValue: TRA
Key: airlineCodeValue: 164
Key: publicFlightStateValue: {flightStates=[ARR, EXP]}
Key: routeValue: {destinations=[SPC], eu=S, visa=false}
Key: scheduleDateTimeValue: 2024-09-21T00:35:00.000+02:00
Key: scheduleDateValue: 2024-09-21
Key: scheduleTimeValue: 00:35:00
Key: serviceTypeValue: J
Key: terminalValue: 1
Key: schemaVersionValue: 4
Key: lastUpdatedAtValue: 2024-09-21T02:16:04.186+02:00
Key: actualLandingTimeValue: 2024-09-21T00:05:33.000+02:00
Key: aircraftTypeValue: {iataMain=737, iataSub=73H}
Key: baggageClaimValue: {belts=[2]}
Key: codesharesValue: {codeshares=[KL2660]}
Key: estimatedLandingTimeValue: 2024-09-21T00:05:33.000+02:00
Key: expectedTimeOnBeltValue: 2024-09-21T00:41:05.201+02:00
Key: flightDirectionValue: A
Key: flightNameValue: HV5362
Key: flightNumberValue: 5362
Key: idValue: 140695878201552404
Key: isOperationalFlightValue: true
Key: mainFlightValue: HV5362
Key: prefixIATAValue: HV
Key: prefixICAOValue: TRA
Key: airlineCodeValue: 164
Key: publicFlightStateValue: {flightStates=[ARR, EXP]}
Key: routeValue: {destinations=[FAO], eu=S, visa=false}
Key: scheduleDateTimeValue: 2024-09-21T00:35:00.000+02:00
Key: scheduleDateValue: 2024-09-21
Key: scheduleTimeValue: 00:35:00
Key: serviceTypeValue: J
Key: terminalValue: 1
Key: schemaVersionValue: 4
Key: lastUpdatedAtValue: 2024-09-21T02:16:04.186+02:00
Key: actualLandingTimeValue: 2024-09-21T00:05:33.000+02:00
Key: aircraftTypeValue: {iataMain=737, iataSub=73H}
Key: baggageClaimValue: {belts=[2]}
Key: codesharesValue: {codeshares=[KL2660]}
Key: estimatedLandingTimeValue: 2024-09-21T00:05:33.000+02:00
Key: expectedTimeOnBeltValue: 2024-09-21T00:41:05.201+02:00
Key: flightDirectionValue: A
Key: flightNameValue: KL2660
Key: flightNumberValue: 2660
Key: idValue: 140695878579837218
Key: isOperationalFlightValue: true
Key: mainFlightValue: HV5362
Key: prefixIATAValue: KL
Key: prefixICAOValue: KLM
Key: airlineCodeValue: 100
Key: publicFlightStateValue: {flightStates=[ARR, EXP]}
Key: routeValue: {destinations=[FAO], eu=S, visa=false}
Key: scheduleDateTimeValue: 2024-09-21T00:35:00.000+02:00
Key: scheduleDateValue: 2024-09-21
Key: scheduleTimeValue: 00:35:00
Key: serviceTypeValue: J
Key: terminalValue: 1
Key: schemaVersionValue: 4
2024-09-21T15:11:15.196+03:00  INFO 17510 --- [AppFellas Flight API] [           main] c.appfellas.flightApi.config.AppConfig   : App Fellas user account created -> Email: user@appfellas.com / Password: APPFELLASUSER
]]></system-out>
  </testcase>
</testsuite>